CMD LINE ARGS:
config_files : ['./cfg_dir/expt_cfg/opt_tfer_expts/cifar_100_living_living_expts/wide_resnet_28_10_arch/tfer_nets/spc_10/src_epoch_190/src_net_alt10.arl.army.mil_v0/tr_set_c/tfer_net_0.cfg']
gpu : 
dbg : False
epochs : 0
silent : False
nocheckpoint : True
Using TensorFlow backend.
Saving results to results/opt_tfer_expts/cifar_100_living_living_expts/wide_resnet_28_10_arch/tfer_nets/spc_10/src_epoch_190/alt10.arl.army.mil_v0/tr_set_c/alt08.arl.army.mil_v0
Loading data from dataset_loaders/cifar100_living_living_trgt_tasks_10_c
Encoding data
Creating 1-hot encodings -  hot/not_hot (1.0000 / 0.0000)
Creating encoding matrices for train & test data
Preprocessing Train Images
Preprocessing Test Images
Built Data Manager
Standard training
Initializing data manager ...
Using TensorFlow local_backend.
Initializing architecture ...
/mnt/growler/barleyhome/sgutstei/Projects/opt-tfer/net_architectures/wide_residual_network_base.py:13: UserWarning: Update your `Conv2D` call to the Keras 2 API: `Conv2D(16, (3, 3), padding="same", kernel_initializer="he_normal", use_bias=False, kernel_regularizer=<keras.reg...)`
  use_bias=False)(input)
/mnt/growler/barleyhome/sgutstei/Projects/opt-tfer/net_architectures/wide_residual_network_base.py:25: UserWarning: Update your `Conv2D` call to the Keras 2 API: `Conv2D(160, (3, 3), padding="same", strides=(1, 1), kernel_initializer="he_normal", use_bias=False, kernel_regularizer=<keras.reg...)`
  use_bias=False)(init)
/mnt/growler/barleyhome/sgutstei/Projects/opt-tfer/net_architectures/wide_residual_network_base.py:34: UserWarning: Update your `Conv2D` call to the Keras 2 API: `Conv2D(160, (3, 3), padding="same", kernel_initializer="he_normal", use_bias=False, kernel_regularizer=<keras.reg...)`
  use_bias=False)(x)
/mnt/growler/barleyhome/sgutstei/Projects/opt-tfer/net_architectures/wide_residual_network_base.py:38: UserWarning: Update your `Conv2D` call to the Keras 2 API: `Conv2D(160, (1, 1), padding="same", strides=(1, 1), kernel_initializer="he_normal", use_bias=False, kernel_regularizer=<keras.reg...)`
  use_bias=False)(init)
/mnt/growler/barleyhome/sgutstei/Projects/opt-tfer/net_architectures/wide_residual_network_base.py:54: UserWarning: Update your `Conv2D` call to the Keras 2 API: `Conv2D(160, (3, 3), padding="same", kernel_initializer="he_normal", use_bias=False, kernel_regularizer=<keras.reg...)`
  use_bias=False)(x)
/mnt/growler/barleyhome/sgutstei/Projects/opt-tfer/net_architectures/wide_residual_network_base.py:62: UserWarning: Update your `Conv2D` call to the Keras 2 API: `Conv2D(160, (3, 3), padding="same", kernel_initializer="he_normal", use_bias=False, kernel_regularizer=<keras.reg...)`
  use_bias=False)(x)
/mnt/growler/barleyhome/sgutstei/Projects/opt-tfer/net_architectures/wide_residual_network_base.py:25: UserWarning: Update your `Conv2D` call to the Keras 2 API: `Conv2D(320, (3, 3), padding="same", strides=(2, 2), kernel_initializer="he_normal", use_bias=False, kernel_regularizer=<keras.reg...)`
  use_bias=False)(init)
/mnt/growler/barleyhome/sgutstei/Projects/opt-tfer/net_architectures/wide_residual_network_base.py:34: UserWarning: Update your `Conv2D` call to the Keras 2 API: `Conv2D(320, (3, 3), padding="same", kernel_initializer="he_normal", use_bias=False, kernel_regularizer=<keras.reg...)`
  use_bias=False)(x)
/mnt/growler/barleyhome/sgutstei/Projects/opt-tfer/net_architectures/wide_residual_network_base.py:38: UserWarning: Update your `Conv2D` call to the Keras 2 API: `Conv2D(320, (1, 1), padding="same", strides=(2, 2), kernel_initializer="he_normal", use_bias=False, kernel_regularizer=<keras.reg...)`
  use_bias=False)(init)
/mnt/growler/barleyhome/sgutstei/Projects/opt-tfer/net_architectures/wide_residual_network_base.py:79: UserWarning: Update your `Conv2D` call to the Keras 2 API: `Conv2D(320, (3, 3), padding="same", kernel_initializer="he_normal", use_bias=False, kernel_regularizer=<keras.reg...)`
  use_bias=False)(x)
/mnt/growler/barleyhome/sgutstei/Projects/opt-tfer/net_architectures/wide_residual_network_base.py:87: UserWarning: Update your `Conv2D` call to the Keras 2 API: `Conv2D(320, (3, 3), padding="same", kernel_initializer="he_normal", use_bias=False, kernel_regularizer=<keras.reg...)`
  use_bias=False)(x)
/mnt/growler/barleyhome/sgutstei/Projects/opt-tfer/net_architectures/wide_residual_network_base.py:25: UserWarning: Update your `Conv2D` call to the Keras 2 API: `Conv2D(640, (3, 3), padding="same", strides=(2, 2), kernel_initializer="he_normal", use_bias=False, kernel_regularizer=<keras.reg...)`
  use_bias=False)(init)
/mnt/growler/barleyhome/sgutstei/Projects/opt-tfer/net_architectures/wide_residual_network_base.py:34: UserWarning: Update your `Conv2D` call to the Keras 2 API: `Conv2D(640, (3, 3), padding="same", kernel_initializer="he_normal", use_bias=False, kernel_regularizer=<keras.reg...)`
  use_bias=False)(x)
/mnt/growler/barleyhome/sgutstei/Projects/opt-tfer/net_architectures/wide_residual_network_base.py:38: UserWarning: Update your `Conv2D` call to the Keras 2 API: `Conv2D(640, (1, 1), padding="same", strides=(2, 2), kernel_initializer="he_normal", use_bias=False, kernel_regularizer=<keras.reg...)`
  use_bias=False)(init)
/mnt/growler/barleyhome/sgutstei/Projects/opt-tfer/net_architectures/wide_residual_network_base.py:104: UserWarning: Update your `Conv2D` call to the Keras 2 API: `Conv2D(640, (3, 3), padding="same", kernel_initializer="he_normal", use_bias=False, kernel_regularizer=<keras.reg...)`
  use_bias=False)(x)
/mnt/growler/barleyhome/sgutstei/Projects/opt-tfer/net_architectures/wide_residual_network_base.py:112: UserWarning: Update your `Conv2D` call to the Keras 2 API: `Conv2D(640, (3, 3), padding="same", kernel_initializer="he_normal", use_bias=False, kernel_regularizer=<keras.reg...)`
  use_bias=False)(x)
/mnt/growler/barleyhome/sgutstei/Projects/opt-tfer/net_architectures/wide_residual_network_base.py:172: UserWarning: Update your `Dense` call to the Keras 2 API: `Dense(65, activation="softmax", kernel_regularizer=<keras.reg...)`
  x = Dense(nb_classes, W_regularizer=l2(weight_decay), activation='softmax')(x)
Wide Residual Network-28-10 created.
Starting with weights from epoch 190
   Loading wts from results/opt_tfer_expts/cifar_100_living_living_expts/wide_resnet_28_10_arch/src_nets/workshop_expts/alt10.arl.army.mil_v0/checkpoints/checkpoint_weights_190.h5
Popping  dense_1  .....  Popped
Compiling model ...
Failed to import `pydot`. Please install `pydot`. For example with `pip install pydot`.
Not saving graphical image of net

============================================================

Expt Info:

NB Epochs: 200
Expt Dir: results/opt_tfer_expts/cifar_100_living_living_expts/wide_resnet_28_10_arch/tfer_nets/spc_10/src_epoch_190/alt10.arl.army.mil_v0/tr_set_c/alt08.arl.army.mil_v0
Expt Prefix: alt08.arl.army.mil_v0

Model:
Model: "model_2"
__________________________________________________________________________________________________
Layer (type)                    Output Shape         Param #     Connected to                     
==================================================================================================
input_1 (InputLayer)            (None, 32, 32, 3)    0                                            
__________________________________________________________________________________________________
conv2d_1 (Conv2D)               (None, 32, 32, 16)   432         input_1[0][0]                    
__________________________________________________________________________________________________
batch_normalization_1 (BatchNor (None, 32, 32, 16)   64          conv2d_1[0][0]                   
__________________________________________________________________________________________________
activation_1 (Activation)       (None, 32, 32, 16)   0           batch_normalization_1[0][0]      
__________________________________________________________________________________________________
conv2d_2 (Conv2D)               (None, 32, 32, 160)  23040       activation_1[0][0]               
__________________________________________________________________________________________________
batch_normalization_2 (BatchNor (None, 32, 32, 160)  640         conv2d_2[0][0]                   
__________________________________________________________________________________________________
activation_2 (Activation)       (None, 32, 32, 160)  0           batch_normalization_2[0][0]      
__________________________________________________________________________________________________
conv2d_3 (Conv2D)               (None, 32, 32, 160)  230400      activation_2[0][0]               
__________________________________________________________________________________________________
conv2d_4 (Conv2D)               (None, 32, 32, 160)  2560        activation_1[0][0]               
__________________________________________________________________________________________________
add_1 (Add)                     (None, 32, 32, 160)  0           conv2d_3[0][0]                   
                                                                 conv2d_4[0][0]                   
__________________________________________________________________________________________________
batch_normalization_3 (BatchNor (None, 32, 32, 160)  640         add_1[0][0]                      
__________________________________________________________________________________________________
activation_3 (Activation)       (None, 32, 32, 160)  0           batch_normalization_3[0][0]      
__________________________________________________________________________________________________
conv2d_5 (Conv2D)               (None, 32, 32, 160)  230400      activation_3[0][0]               
__________________________________________________________________________________________________
batch_normalization_4 (BatchNor (None, 32, 32, 160)  640         conv2d_5[0][0]                   
__________________________________________________________________________________________________
activation_4 (Activation)       (None, 32, 32, 160)  0           batch_normalization_4[0][0]      
__________________________________________________________________________________________________
conv2d_6 (Conv2D)               (None, 32, 32, 160)  230400      activation_4[0][0]               
__________________________________________________________________________________________________
add_2 (Add)                     (None, 32, 32, 160)  0           add_1[0][0]                      
                                                                 conv2d_6[0][0]                   
__________________________________________________________________________________________________
batch_normalization_5 (BatchNor (None, 32, 32, 160)  640         add_2[0][0]                      
__________________________________________________________________________________________________
activation_5 (Activation)       (None, 32, 32, 160)  0           batch_normalization_5[0][0]      
__________________________________________________________________________________________________
conv2d_7 (Conv2D)               (None, 32, 32, 160)  230400      activation_5[0][0]               
__________________________________________________________________________________________________
batch_normalization_6 (BatchNor (None, 32, 32, 160)  640         conv2d_7[0][0]                   
__________________________________________________________________________________________________
activation_6 (Activation)       (None, 32, 32, 160)  0           batch_normalization_6[0][0]      
__________________________________________________________________________________________________
conv2d_8 (Conv2D)               (None, 32, 32, 160)  230400      activation_6[0][0]               
__________________________________________________________________________________________________
add_3 (Add)                     (None, 32, 32, 160)  0           add_2[0][0]                      
                                                                 conv2d_8[0][0]                   
__________________________________________________________________________________________________
batch_normalization_7 (BatchNor (None, 32, 32, 160)  640         add_3[0][0]                      
__________________________________________________________________________________________________
activation_7 (Activation)       (None, 32, 32, 160)  0           batch_normalization_7[0][0]      
__________________________________________________________________________________________________
conv2d_9 (Conv2D)               (None, 32, 32, 160)  230400      activation_7[0][0]               
__________________________________________________________________________________________________
batch_normalization_8 (BatchNor (None, 32, 32, 160)  640         conv2d_9[0][0]                   
__________________________________________________________________________________________________
activation_8 (Activation)       (None, 32, 32, 160)  0           batch_normalization_8[0][0]      
__________________________________________________________________________________________________
conv2d_10 (Conv2D)              (None, 32, 32, 160)  230400      activation_8[0][0]               
__________________________________________________________________________________________________
add_4 (Add)                     (None, 32, 32, 160)  0           add_3[0][0]                      
                                                                 conv2d_10[0][0]                  
__________________________________________________________________________________________________
batch_normalization_9 (BatchNor (None, 32, 32, 160)  640         add_4[0][0]                      
__________________________________________________________________________________________________
activation_9 (Activation)       (None, 32, 32, 160)  0           batch_normalization_9[0][0]      
__________________________________________________________________________________________________
conv2d_11 (Conv2D)              (None, 16, 16, 320)  460800      activation_9[0][0]               
__________________________________________________________________________________________________
batch_normalization_10 (BatchNo (None, 16, 16, 320)  1280        conv2d_11[0][0]                  
__________________________________________________________________________________________________
activation_10 (Activation)      (None, 16, 16, 320)  0           batch_normalization_10[0][0]     
__________________________________________________________________________________________________
conv2d_12 (Conv2D)              (None, 16, 16, 320)  921600      activation_10[0][0]              
__________________________________________________________________________________________________
conv2d_13 (Conv2D)              (None, 16, 16, 320)  51200       activation_9[0][0]               
__________________________________________________________________________________________________
add_5 (Add)                     (None, 16, 16, 320)  0           conv2d_12[0][0]                  
                                                                 conv2d_13[0][0]                  
__________________________________________________________________________________________________
batch_normalization_11 (BatchNo (None, 16, 16, 320)  1280        add_5[0][0]                      
__________________________________________________________________________________________________
activation_11 (Activation)      (None, 16, 16, 320)  0           batch_normalization_11[0][0]     
__________________________________________________________________________________________________
conv2d_14 (Conv2D)              (None, 16, 16, 320)  921600      activation_11[0][0]              
__________________________________________________________________________________________________
batch_normalization_12 (BatchNo (None, 16, 16, 320)  1280        conv2d_14[0][0]                  
__________________________________________________________________________________________________
activation_12 (Activation)      (None, 16, 16, 320)  0           batch_normalization_12[0][0]     
__________________________________________________________________________________________________
conv2d_15 (Conv2D)              (None, 16, 16, 320)  921600      activation_12[0][0]              
__________________________________________________________________________________________________
add_6 (Add)                     (None, 16, 16, 320)  0           add_5[0][0]                      
                                                                 conv2d_15[0][0]                  
__________________________________________________________________________________________________
batch_normalization_13 (BatchNo (None, 16, 16, 320)  1280        add_6[0][0]                      
__________________________________________________________________________________________________
activation_13 (Activation)      (None, 16, 16, 320)  0           batch_normalization_13[0][0]     
__________________________________________________________________________________________________
conv2d_16 (Conv2D)              (None, 16, 16, 320)  921600      activation_13[0][0]              
__________________________________________________________________________________________________
batch_normalization_14 (BatchNo (None, 16, 16, 320)  1280        conv2d_16[0][0]                  
__________________________________________________________________________________________________
activation_14 (Activation)      (None, 16, 16, 320)  0           batch_normalization_14[0][0]     
__________________________________________________________________________________________________
conv2d_17 (Conv2D)              (None, 16, 16, 320)  921600      activation_14[0][0]              
__________________________________________________________________________________________________
add_7 (Add)                     (None, 16, 16, 320)  0           add_6[0][0]                      
                                                                 conv2d_17[0][0]                  
__________________________________________________________________________________________________
batch_normalization_15 (BatchNo (None, 16, 16, 320)  1280        add_7[0][0]                      
__________________________________________________________________________________________________
activation_15 (Activation)      (None, 16, 16, 320)  0           batch_normalization_15[0][0]     
__________________________________________________________________________________________________
conv2d_18 (Conv2D)              (None, 16, 16, 320)  921600      activation_15[0][0]              
__________________________________________________________________________________________________
batch_normalization_16 (BatchNo (None, 16, 16, 320)  1280        conv2d_18[0][0]                  
__________________________________________________________________________________________________
activation_16 (Activation)      (None, 16, 16, 320)  0           batch_normalization_16[0][0]     
__________________________________________________________________________________________________
conv2d_19 (Conv2D)              (None, 16, 16, 320)  921600      activation_16[0][0]              
__________________________________________________________________________________________________
add_8 (Add)                     (None, 16, 16, 320)  0           add_7[0][0]                      
                                                                 conv2d_19[0][0]                  
__________________________________________________________________________________________________
batch_normalization_17 (BatchNo (None, 16, 16, 320)  1280        add_8[0][0]                      
__________________________________________________________________________________________________
activation_17 (Activation)      (None, 16, 16, 320)  0           batch_normalization_17[0][0]     
__________________________________________________________________________________________________
conv2d_20 (Conv2D)              (None, 8, 8, 640)    1843200     activation_17[0][0]              
__________________________________________________________________________________________________
batch_normalization_18 (BatchNo (None, 8, 8, 640)    2560        conv2d_20[0][0]                  
__________________________________________________________________________________________________
activation_18 (Activation)      (None, 8, 8, 640)    0           batch_normalization_18[0][0]     
__________________________________________________________________________________________________
conv2d_21 (Conv2D)              (None, 8, 8, 640)    3686400     activation_18[0][0]              
__________________________________________________________________________________________________
conv2d_22 (Conv2D)              (None, 8, 8, 640)    204800      activation_17[0][0]              
__________________________________________________________________________________________________
add_9 (Add)                     (None, 8, 8, 640)    0           conv2d_21[0][0]                  
                                                                 conv2d_22[0][0]                  
__________________________________________________________________________________________________
batch_normalization_19 (BatchNo (None, 8, 8, 640)    2560        add_9[0][0]                      
__________________________________________________________________________________________________
activation_19 (Activation)      (None, 8, 8, 640)    0           batch_normalization_19[0][0]     
__________________________________________________________________________________________________
conv2d_23 (Conv2D)              (None, 8, 8, 640)    3686400     activation_19[0][0]              
__________________________________________________________________________________________________
batch_normalization_20 (BatchNo (None, 8, 8, 640)    2560        conv2d_23[0][0]                  
__________________________________________________________________________________________________
activation_20 (Activation)      (None, 8, 8, 640)    0           batch_normalization_20[0][0]     
__________________________________________________________________________________________________
conv2d_24 (Conv2D)              (None, 8, 8, 640)    3686400     activation_20[0][0]              
__________________________________________________________________________________________________
add_10 (Add)                    (None, 8, 8, 640)    0           add_9[0][0]                      
                                                                 conv2d_24[0][0]                  
__________________________________________________________________________________________________
batch_normalization_21 (BatchNo (None, 8, 8, 640)    2560        add_10[0][0]                     
__________________________________________________________________________________________________
activation_21 (Activation)      (None, 8, 8, 640)    0           batch_normalization_21[0][0]     
__________________________________________________________________________________________________
conv2d_25 (Conv2D)              (None, 8, 8, 640)    3686400     activation_21[0][0]              
__________________________________________________________________________________________________
batch_normalization_22 (BatchNo (None, 8, 8, 640)    2560        conv2d_25[0][0]                  
__________________________________________________________________________________________________
activation_22 (Activation)      (None, 8, 8, 640)    0           batch_normalization_22[0][0]     
__________________________________________________________________________________________________
conv2d_26 (Conv2D)              (None, 8, 8, 640)    3686400     activation_22[0][0]              
__________________________________________________________________________________________________
add_11 (Add)                    (None, 8, 8, 640)    0           add_10[0][0]                     
                                                                 conv2d_26[0][0]                  
__________________________________________________________________________________________________
batch_normalization_23 (BatchNo (None, 8, 8, 640)    2560        add_11[0][0]                     
__________________________________________________________________________________________________
activation_23 (Activation)      (None, 8, 8, 640)    0           batch_normalization_23[0][0]     
__________________________________________________________________________________________________
conv2d_27 (Conv2D)              (None, 8, 8, 640)    3686400     activation_23[0][0]              
__________________________________________________________________________________________________
batch_normalization_24 (BatchNo (None, 8, 8, 640)    2560        conv2d_27[0][0]                  
__________________________________________________________________________________________________
activation_24 (Activation)      (None, 8, 8, 640)    0           batch_normalization_24[0][0]     
__________________________________________________________________________________________________
conv2d_28 (Conv2D)              (None, 8, 8, 640)    3686400     activation_24[0][0]              
__________________________________________________________________________________________________
add_12 (Add)                    (None, 8, 8, 640)    0           add_11[0][0]                     
                                                                 conv2d_28[0][0]                  
__________________________________________________________________________________________________
batch_normalization_25 (BatchNo (None, 8, 8, 640)    2560        add_12[0][0]                     
__________________________________________________________________________________________________
activation_25 (Activation)      (None, 8, 8, 640)    0           batch_normalization_25[0][0]     
__________________________________________________________________________________________________
average_pooling2d_1 (AveragePoo (None, 1, 1, 640)    0           activation_25[0][0]              
__________________________________________________________________________________________________
flatten_1 (Flatten)             (None, 640)          0           average_pooling2d_1[0][0]        
__________________________________________________________________________________________________
dense_2 (Dense)                 (None, 35)           22435       flatten_1[0][0]                  
__________________________________________________________________________________________________
softmax_tfer_out (Activation)   (None, 35)           0           dense_2[0][0]                    
==================================================================================================
Total params: 36,513,171
Trainable params: 36,495,219
Non-trainable params: 17,952
__________________________________________________________________________________________________

============================================================


0: +  -  -  -  -  -  -  -  -  -  -  -  -  -  -  -  -  -  -  -  
   -  -  -  -  -  -  -  -  -  -  -  -  -  -  -  
1: -  +  -  -  -  -  -  -  -  -  -  -  -  -  -  -  -  -  -  -  
   -  -  -  -  -  -  -  -  -  -  -  -  -  -  -  
2: -  -  +  -  -  -  -  -  -  -  -  -  -  -  -  -  -  -  -  -  
   -  -  -  -  -  -  -  -  -  -  -  -  -  -  -  
3: -  -  -  +  -  -  -  -  -  -  -  -  -  -  -  -  -  -  -  -  
   -  -  -  -  -  -  -  -  -  -  -  -  -  -  -  
4: -  -  -  -  +  -  -  -  -  -  -  -  -  -  -  -  -  -  -  -  
   -  -  -  -  -  -  -  -  -  -  -  -  -  -  -  
6: -  -  -  -  -  +  -  -  -  -  -  -  -  -  -  -  -  -  -  -  
   -  -  -  -  -  -  -  -  -  -  -  -  -  -  -  
7: -  -  -  -  -  -  +  -  -  -  -  -  -  -  -  -  -  -  -  -  
   -  -  -  -  -  -  -  -  -  -  -  -  -  -  -  
11: -  -  -  -  -  -  -  +  -  -  -  -  -  -  -  -  -  -  -  -  
    -  -  -  -  -  -  -  -  -  -  -  -  -  -  -  
14: -  -  -  -  -  -  -  -  +  -  -  -  -  -  -  -  -  -  -  -  
    -  -  -  -  -  -  -  -  -  -  -  -  -  -  -  
15: -  -  -  -  -  -  -  -  -  +  -  -  -  -  -  -  -  -  -  -  
    -  -  -  -  -  -  -  -  -  -  -  -  -  -  -  
18: -  -  -  -  -  -  -  -  -  -  +  -  -  -  -  -  -  -  -  -  
    -  -  -  -  -  -  -  -  -  -  -  -  -  -  -  
19: -  -  -  -  -  -  -  -  -  -  -  +  -  -  -  -  -  -  -  -  
    -  -  -  -  -  -  -  -  -  -  -  -  -  -  -  
21: -  -  -  -  -  -  -  -  -  -  -  -  +  -  -  -  -  -  -  -  
    -  -  -  -  -  -  -  -  -  -  -  -  -  -  -  
24: -  -  -  -  -  -  -  -  -  -  -  -  -  +  -  -  -  -  -  -  
    -  -  -  -  -  -  -  -  -  -  -  -  -  -  -  
26: -  -  -  -  -  -  -  -  -  -  -  -  -  -  +  -  -  -  -  -  
    -  -  -  -  -  -  -  -  -  -  -  -  -  -  -  
27: -  -  -  -  -  -  -  -  -  -  -  -  -  -  -  +  -  -  -  -  
    -  -  -  -  -  -  -  -  -  -  -  -  -  -  -  
29: -  -  -  -  -  -  -  -  -  -  -  -  -  -  -  -  +  -  -  -  
    -  -  -  -  -  -  -  -  -  -  -  -  -  -  -  
30: -  -  -  -  -  -  -  -  -  -  -  -  -  -  -  -  -  +  -  -  
    -  -  -  -  -  -  -  -  -  -  -  -  -  -  -  
31: -  -  -  -  -  -  -  -  -  -  -  -  -  -  -  -  -  -  +  -  
    -  -  -  -  -  -  -  -  -  -  -  -  -  -  -  
32: -  -  -  -  -  -  -  -  -  -  -  -  -  -  -  -  -  -  -  +  
    -  -  -  -  -  -  -  -  -  -  -  -  -  -  -  
34: -  -  -  -  -  -  -  -  -  -  -  -  -  -  -  -  -  -  -  -  
    +  -  -  -  -  -  -  -  -  -  -  -  -  -  -  
35: -  -  -  -  -  -  -  -  -  -  -  -  -  -  -  -  -  -  -  -  
    -  +  -  -  -  -  -  -  -  -  -  -  -  -  -  
36: -  -  -  -  -  -  -  -  -  -  -  -  -  -  -  -  -  -  -  -  
    -  -  +  -  -  -  -  -  -  -  -  -  -  -  -  
38: -  -  -  -  -  -  -  -  -  -  -  -  -  -  -  -  -  -  -  -  
    -  -  -  +  -  -  -  -  -  -  -  -  -  -  -  
42: -  -  -  -  -  -  -  -  -  -  -  -  -  -  -  -  -  -  -  -  
    -  -  -  -  +  -  -  -  -  -  -  -  -  -  -  
43: -  -  -  -  -  -  -  -  -  -  -  -  -  -  -  -  -  -  -  -  
    -  -  -  -  -  +  -  -  -  -  -  -  -  -  -  
44: -  -  -  -  -  -  -  -  -  -  -  -  -  -  -  -  -  -  -  -  
    -  -  -  -  -  -  +  -  -  -  -  -  -  -  -  
45: -  -  -  -  -  -  -  -  -  -  -  -  -  -  -  -  -  -  -  -  
    -  -  -  -  -  -  -  +  -  -  -  -  -  -  -  
46: -  -  -  -  -  -  -  -  -  -  -  -  -  -  -  -  -  -  -  -  
    -  -  -  -  -  -  -  -  +  -  -  -  -  -  -  
47: -  -  -  -  -  -  -  -  -  -  -  -  -  -  -  -  -  -  -  -  
    -  -  -  -  -  -  -  -  -  +  -  -  -  -  -  
50: -  -  -  -  -  -  -  -  -  -  -  -  -  -  -  -  -  -  -  -  
    -  -  -  -  -  -  -  -  -  -  +  -  -  -  -  
51: -  -  -  -  -  -  -  -  -  -  -  -  -  -  -  -  -  -  -  -  
    -  -  -  -  -  -  -  -  -  -  -  +  -  -  -  
52: -  -  -  -  -  -  -  -  -  -  -  -  -  -  -  -  -  -  -  -  
    -  -  -  -  -  -  -  -  -  -  -  -  +  -  -  
53: -  -  -  -  -  -  -  -  -  -  -  -  -  -  -  -  -  -  -  -  
    -  -  -  -  -  -  -  -  -  -  -  -  -  +  -  
54: -  -  -  -  -  -  -  -  -  -  -  -  -  -  -  -  -  -  -  -  
    -  -  -  -  -  -  -  -  -  -  -  -  -  -  +  
55: -  -  -  -  -  -  -  -  -  -  -  -  -  -  -  -  -  -  -  -  
    -  -  -  -  -  -  -  -  -  -  -  -  -  -  -  
56: -  -  -  -  -  -  -  -  -  -  -  -  -  -  -  -  -  -  -  -  
    -  -  -  -  -  -  -  -  -  -  -  -  -  -  -  
57: -  -  -  -  -  -  -  -  -  -  -  -  -  -  -  -  -  -  -  -  
    -  -  -  -  -  -  -  -  -  -  -  -  -  -  -  
59: -  -  -  -  -  -  -  -  -  -  -  -  -  -  -  -  -  -  -  -  
    -  -  -  -  -  -  -  -  -  -  -  -  -  -  -  
62: -  -  -  -  -  -  -  -  -  -  -  -  -  -  -  -  -  -  -  -  
    -  -  -  -  -  -  -  -  -  -  -  -  -  -  -  
63: -  -  -  -  -  -  -  -  -  -  -  -  -  -  -  -  -  -  -  -  
    -  -  -  -  -  -  -  -  -  -  -  -  -  -  -  
64: -  -  -  -  -  -  -  -  -  -  -  -  -  -  -  -  -  -  -  -  
    -  -  -  -  -  -  -  -  -  -  -  -  -  -  -  
65: -  -  -  -  -  -  -  -  -  -  -  -  -  -  -  -  -  -  -  -  
    -  -  -  -  -  -  -  -  -  -  -  -  -  -  -  
66: -  -  -  -  -  -  -  -  -  -  -  -  -  -  -  -  -  -  -  -  
    -  -  -  -  -  -  -  -  -  -  -  -  -  -  -  
67: -  -  -  -  -  -  -  -  -  -  -  -  -  -  -  -  -  -  -  -  
    -  -  -  -  -  -  -  -  -  -  -  -  -  -  -  
70: -  -  -  -  -  -  -  -  -  -  -  -  -  -  -  -  -  -  -  -  
    -  -  -  -  -  -  -  -  -  -  -  -  -  -  -  
72: -  -  -  -  -  -  -  -  -  -  -  -  -  -  -  -  -  -  -  -  
    -  -  -  -  -  -  -  -  -  -  -  -  -  -  -  
73: -  -  -  -  -  -  -  -  -  -  -  -  -  -  -  -  -  -  -  -  
    -  -  -  -  -  -  -  -  -  -  -  -  -  -  -  
74: -  -  -  -  -  -  -  -  -  -  -  -  -  -  -  -  -  -  -  -  
    -  -  -  -  -  -  -  -  -  -  -  -  -  -  -  
75: -  -  -  -  -  -  -  -  -  -  -  -  -  -  -  -  -  -  -  -  
    -  -  -  -  -  -  -  -  -  -  -  -  -  -  -  
77: -  -  -  -  -  -  -  -  -  -  -  -  -  -  -  -  -  -  -  -  
    -  -  -  -  -  -  -  -  -  -  -  -  -  -  -  
78: -  -  -  -  -  -  -  -  -  -  -  -  -  -  -  -  -  -  -  -  
    -  -  -  -  -  -  -  -  -  -  -  -  -  -  -  
79: -  -  -  -  -  -  -  -  -  -  -  -  -  -  -  -  -  -  -  -  
    -  -  -  -  -  -  -  -  -  -  -  -  -  -  -  
80: -  -  -  -  -  -  -  -  -  -  -  -  -  -  -  -  -  -  -  -  
    -  -  -  -  -  -  -  -  -  -  -  -  -  -  -  
82: -  -  -  -  -  -  -  -  -  -  -  -  -  -  -  -  -  -  -  -  
    -  -  -  -  -  -  -  -  -  -  -  -  -  -  -  
83: -  -  -  -  -  -  -  -  -  -  -  -  -  -  -  -  -  -  -  -  
    -  -  -  -  -  -  -  -  -  -  -  -  -  -  -  
88: -  -  -  -  -  -  -  -  -  -  -  -  -  -  -  -  -  -  -  -  
    -  -  -  -  -  -  -  -  -  -  -  -  -  -  -  
91: -  -  -  -  -  -  -  -  -  -  -  -  -  -  -  -  -  -  -  -  
    -  -  -  -  -  -  -  -  -  -  -  -  -  -  -  
92: -  -  -  -  -  -  -  -  -  -  -  -  -  -  -  -  -  -  -  -  
    -  -  -  -  -  -  -  -  -  -  -  -  -  -  -  
93: -  -  -  -  -  -  -  -  -  -  -  -  -  -  -  -  -  -  -  -  
    -  -  -  -  -  -  -  -  -  -  -  -  -  -  -  
95: -  -  -  -  -  -  -  -  -  -  -  -  -  -  -  -  -  -  -  -  
    -  -  -  -  -  -  -  -  -  -  -  -  -  -  -  
96: -  -  -  -  -  -  -  -  -  -  -  -  -  -  -  -  -  -  -  -  
    -  -  -  -  -  -  -  -  -  -  -  -  -  -  -  
97: -  -  -  -  -  -  -  -  -  -  -  -  -  -  -  -  -  -  -  -  
    -  -  -  -  -  -  -  -  -  -  -  -  -  -  -  
98: -  -  -  -  -  -  -  -  -  -  -  -  -  -  -  -  -  -  -  -  
    -  -  -  -  -  -  -  -  -  -  -  -  -  -  -  
99: -  -  -  -  -  -  -  -  -  -  -  -  -  -  -  -  -  -  -  -  
    -  -  -  -  -  -  -  -  -  -  -  -  -  -  -  





Total Classes: 65

0:apples -- 1:aquarium fish -- 2:baby -- 3:bear -- 4:beaver -- 
6:bee -- 7:beetle -- 11:boy -- 14:butterfly -- 15:camel -- 
18:catepillar -- 19:cattle -- 21:chimpanzee -- 24:cockroach -- 26:crab -- 
27:crocodile -- 29:dinosaur -- 30:dolphin -- 31:elephant -- 32:flatfish -- 
34:fox -- 35:girl -- 36:hamster -- 38:kangaroo -- 42:leopard -- 
43:lion -- 44:lizard -- 45:lobster -- 46:man -- 47:maple -- 
50:mouse -- 51:mushrooms -- 52:oak -- 53:oranges -- 54:orchids -- 
55:otter -- 56:palm -- 57:pear -- 59:pine -- 62:poppies -- 
63:porcupine -- 64:possum -- 65:rabbit -- 66:raccoon -- 67:ray -- 
70:rose -- 72:seal -- 73:shark -- 74:shrew -- 75:skunk -- 
77:snail -- 78:snake -- 79:spider -- 80:squirrel -- 82:sunflower -- 
83:sweet pepper -- 88:tiger -- 91:trout -- 92:tulips -- 93:turtle -- 
95:whale -- 96:willow -- 97:wolf -- 98:woman -- 99:worm -- 

Built Net Manager
Start Time: 06:36:04 AM Monday 2020-08-17
Stop Time : 07:27:36 AM Monday 2020-08-17
Run Time  : 0:51:32

Data Modifications:
  width_shift_range: 4.0
  height_shift_range: 4.0
  horizontal_flip: True
  featurewise_center: True
  featurewise_std_normalization: True

Notes:
  Expt Notes: Autogenerated file to generate tfer learn living CIFAR100 from living CIFAR100

Peak Accuracy: 47.69% at epoch 24
