./execute_expts/opt_tfer_expts/cifar_100_living_notliving_expts/wide_resnet_28_10_arch/tfer_nets/spc_5/batch_spc_5.sh Fri Jul 31 23:43:54 EDT 2020
  batch_src_epoch_0.sh Fri Jul 31 23:43:54 EDT 2020
    batch_alt08.arl.army.mil_v0.sh Fri Jul 31 23:43:54 EDT 2020
          spc_5_src_epoch_0_tr_set_a Fri Jul 31 23:43:54 EDT 2020
          spc_5_src_epoch_0_tr_set_b Sat Aug 1 00:11:09 EDT 2020
          spc_5_src_epoch_0_tr_set_c Sat Aug 1 00:37:33 EDT 2020
    batch_alt09.arl.army.mil_v0.sh Sat Aug 1 01:04:25 EDT 2020
          spc_5_src_epoch_0_tr_set_a Sat Aug 1 01:04:25 EDT 2020
          spc_5_src_epoch_0_tr_set_b Sat Aug 1 01:31:54 EDT 2020
          spc_5_src_epoch_0_tr_set_c Sat Aug 1 01:59:10 EDT 2020
    batch_alt10.arl.army.mil_v0.sh Sat Aug 1 02:26:40 EDT 2020
          spc_5_src_epoch_0_tr_set_a Sat Aug 1 02:26:40 EDT 2020
          spc_5_src_epoch_0_tr_set_b Sat Aug 1 02:53:42 EDT 2020
          spc_5_src_epoch_0_tr_set_c Sat Aug 1 03:21:10 EDT 2020
  batch_src_epoch_10.sh Sat Aug 1 03:49:05 EDT 2020
    batch_alt08.arl.army.mil_v0.sh Sat Aug 1 03:49:05 EDT 2020
          spc_5_src_epoch_10_tr_set_a Sat Aug 1 03:49:05 EDT 2020
          spc_5_src_epoch_10_tr_set_b Sat Aug 1 04:16:10 EDT 2020
          spc_5_src_epoch_10_tr_set_c Sat Aug 1 04:42:44 EDT 2020
    batch_alt09.arl.army.mil_v0.sh Sat Aug 1 05:09:24 EDT 2020
          spc_5_src_epoch_10_tr_set_a Sat Aug 1 05:09:24 EDT 2020
          spc_5_src_epoch_10_tr_set_b Sat Aug 1 05:35:51 EDT 2020
          spc_5_src_epoch_10_tr_set_c Sat Aug 1 06:02:24 EDT 2020
    batch_alt10.arl.army.mil_v0.sh Sat Aug 1 06:28:41 EDT 2020
          spc_5_src_epoch_10_tr_set_a Sat Aug 1 06:28:41 EDT 2020
          spc_5_src_epoch_10_tr_set_b Sat Aug 1 06:55:24 EDT 2020
          spc_5_src_epoch_10_tr_set_c Sat Aug 1 07:21:40 EDT 2020
  batch_src_epoch_20.sh Sat Aug 1 07:48:03 EDT 2020
    batch_alt08.arl.army.mil_v0.sh Sat Aug 1 07:48:03 EDT 2020
          spc_5_src_epoch_20_tr_set_a Sat Aug 1 07:48:03 EDT 2020
          spc_5_src_epoch_20_tr_set_b Sat Aug 1 08:14:27 EDT 2020
          spc_5_src_epoch_20_tr_set_c Sat Aug 1 08:40:52 EDT 2020
    batch_alt09.arl.army.mil_v0.sh Sat Aug 1 09:07:27 EDT 2020
          spc_5_src_epoch_20_tr_set_a Sat Aug 1 09:07:27 EDT 2020
          spc_5_src_epoch_20_tr_set_b Sat Aug 1 09:33:44 EDT 2020
          spc_5_src_epoch_20_tr_set_c Sat Aug 1 10:00:15 EDT 2020
    batch_alt10.arl.army.mil_v0.sh Sat Aug 1 10:26:45 EDT 2020
          spc_5_src_epoch_20_tr_set_a Sat Aug 1 10:26:45 EDT 2020
          spc_5_src_epoch_20_tr_set_b Sat Aug 1 10:52:54 EDT 2020
          spc_5_src_epoch_20_tr_set_c Sat Aug 1 11:19:32 EDT 2020
  batch_src_epoch_30.sh Sat Aug 1 11:45:52 EDT 2020
    batch_alt08.arl.army.mil_v0.sh Sat Aug 1 11:45:52 EDT 2020
          spc_5_src_epoch_30_tr_set_a Sat Aug 1 11:45:52 EDT 2020
          spc_5_src_epoch_30_tr_set_b Sat Aug 1 12:12:16 EDT 2020
          spc_5_src_epoch_30_tr_set_c Sat Aug 1 12:38:22 EDT 2020
    batch_alt09.arl.army.mil_v0.sh Sat Aug 1 13:04:48 EDT 2020
          spc_5_src_epoch_30_tr_set_a Sat Aug 1 13:04:48 EDT 2020
          spc_5_src_epoch_30_tr_set_b Sat Aug 1 13:31:07 EDT 2020
          spc_5_src_epoch_30_tr_set_c Sat Aug 1 13:57:23 EDT 2020
    batch_alt10.arl.army.mil_v0.sh Sat Aug 1 14:24:21 EDT 2020
          spc_5_src_epoch_30_tr_set_a Sat Aug 1 14:24:21 EDT 2020
          spc_5_src_epoch_30_tr_set_b Sat Aug 1 14:51:01 EDT 2020
          spc_5_src_epoch_30_tr_set_c Sat Aug 1 15:17:23 EDT 2020
  batch_src_epoch_40.sh Sat Aug 1 15:44:28 EDT 2020
    batch_alt08.arl.army.mil_v0.sh Sat Aug 1 15:44:28 EDT 2020
          spc_5_src_epoch_40_tr_set_a Sat Aug 1 15:44:28 EDT 2020
          spc_5_src_epoch_40_tr_set_b Sat Aug 1 16:10:51 EDT 2020
          spc_5_src_epoch_40_tr_set_c Sat Aug 1 16:37:28 EDT 2020
    batch_alt09.arl.army.mil_v0.sh Sat Aug 1 17:03:40 EDT 2020
          spc_5_src_epoch_40_tr_set_a Sat Aug 1 17:03:40 EDT 2020
          spc_5_src_epoch_40_tr_set_b Sat Aug 1 17:29:55 EDT 2020
          spc_5_src_epoch_40_tr_set_c Sat Aug 1 17:56:17 EDT 2020
    batch_alt10.arl.army.mil_v0.sh Sat Aug 1 18:22:35 EDT 2020
          spc_5_src_epoch_40_tr_set_a Sat Aug 1 18:22:35 EDT 2020
          spc_5_src_epoch_40_tr_set_b Sat Aug 1 18:49:15 EDT 2020
          spc_5_src_epoch_40_tr_set_c Sat Aug 1 19:16:07 EDT 2020
  batch_src_epoch_50.sh Sat Aug 1 19:42:42 EDT 2020
    batch_alt08.arl.army.mil_v0.sh Sat Aug 1 19:42:42 EDT 2020
          spc_5_src_epoch_50_tr_set_a Sat Aug 1 19:42:42 EDT 2020
          spc_5_src_epoch_50_tr_set_b Sat Aug 1 20:08:58 EDT 2020
          spc_5_src_epoch_50_tr_set_c Sat Aug 1 20:35:24 EDT 2020
    batch_alt09.arl.army.mil_v0.sh Sat Aug 1 21:01:47 EDT 2020
          spc_5_src_epoch_50_tr_set_a Sat Aug 1 21:01:47 EDT 2020
          spc_5_src_epoch_50_tr_set_b Sat Aug 1 21:28:31 EDT 2020
          spc_5_src_epoch_50_tr_set_c Sat Aug 1 21:55:09 EDT 2020
    batch_alt10.arl.army.mil_v0.sh Sat Aug 1 22:21:29 EDT 2020
          spc_5_src_epoch_50_tr_set_a Sat Aug 1 22:21:29 EDT 2020
          spc_5_src_epoch_50_tr_set_b Sat Aug 1 22:48:03 EDT 2020
          spc_5_src_epoch_50_tr_set_c Sat Aug 1 23:14:22 EDT 2020
  batch_src_epoch_60.sh Sat Aug 1 23:40:46 EDT 2020
    batch_alt08.arl.army.mil_v0.sh Sat Aug 1 23:40:46 EDT 2020
          spc_5_src_epoch_60_tr_set_a Sat Aug 1 23:40:46 EDT 2020
          spc_5_src_epoch_60_tr_set_b Sun Aug 2 00:07:34 EDT 2020
          spc_5_src_epoch_60_tr_set_c Sun Aug 2 00:33:47 EDT 2020
    batch_alt09.arl.army.mil_v0.sh Sun Aug 2 01:00:04 EDT 2020
          spc_5_src_epoch_60_tr_set_a Sun Aug 2 01:00:04 EDT 2020
          spc_5_src_epoch_60_tr_set_b Sun Aug 2 01:27:25 EDT 2020
          spc_5_src_epoch_60_tr_set_c Sun Aug 2 01:54:00 EDT 2020
    batch_alt10.arl.army.mil_v0.sh Sun Aug 2 02:20:09 EDT 2020
          spc_5_src_epoch_60_tr_set_a Sun Aug 2 02:20:09 EDT 2020
          spc_5_src_epoch_60_tr_set_b Sun Aug 2 02:46:24 EDT 2020
          spc_5_src_epoch_60_tr_set_c Sun Aug 2 03:12:58 EDT 2020
  batch_src_epoch_70.sh Sun Aug 2 03:39:35 EDT 2020
    batch_alt08.arl.army.mil_v0.sh Sun Aug 2 03:39:35 EDT 2020
          spc_5_src_epoch_70_tr_set_a Sun Aug 2 03:39:35 EDT 2020
          spc_5_src_epoch_70_tr_set_b Sun Aug 2 04:05:44 EDT 2020
          spc_5_src_epoch_70_tr_set_c Sun Aug 2 04:31:58 EDT 2020
    batch_alt09.arl.army.mil_v0.sh Sun Aug 2 04:58:15 EDT 2020
          spc_5_src_epoch_70_tr_set_a Sun Aug 2 04:58:15 EDT 2020
          spc_5_src_epoch_70_tr_set_b Sun Aug 2 05:24:06 EDT 2020
          spc_5_src_epoch_70_tr_set_c Sun Aug 2 05:50:06 EDT 2020
    batch_alt10.arl.army.mil_v0.sh Sun Aug 2 06:16:55 EDT 2020
          spc_5_src_epoch_70_tr_set_a Sun Aug 2 06:16:55 EDT 2020
          spc_5_src_epoch_70_tr_set_b Sun Aug 2 06:43:06 EDT 2020
          spc_5_src_epoch_70_tr_set_c Sun Aug 2 07:09:15 EDT 2020
  batch_src_epoch_80.sh Sun Aug 2 07:35:24 EDT 2020
    batch_alt08.arl.army.mil_v0.sh Sun Aug 2 07:35:24 EDT 2020
          spc_5_src_epoch_80_tr_set_a Sun Aug 2 07:35:24 EDT 2020
          spc_5_src_epoch_80_tr_set_b Sun Aug 2 08:01:43 EDT 2020
          spc_5_src_epoch_80_tr_set_c Sun Aug 2 08:27:51 EDT 2020
    batch_alt09.arl.army.mil_v0.sh Sun Aug 2 08:54:05 EDT 2020
          spc_5_src_epoch_80_tr_set_a Sun Aug 2 08:54:05 EDT 2020
          spc_5_src_epoch_80_tr_set_b Sun Aug 2 09:20:29 EDT 2020
          spc_5_src_epoch_80_tr_set_c Sun Aug 2 09:46:32 EDT 2020
    batch_alt10.arl.army.mil_v0.sh Sun Aug 2 10:12:45 EDT 2020
          spc_5_src_epoch_80_tr_set_a Sun Aug 2 10:12:45 EDT 2020
          spc_5_src_epoch_80_tr_set_b Sun Aug 2 10:38:41 EDT 2020
          spc_5_src_epoch_80_tr_set_c Sun Aug 2 11:04:53 EDT 2020
  batch_src_epoch_90.sh Sun Aug 2 11:32:27 EDT 2020
    batch_alt08.arl.army.mil_v0.sh Sun Aug 2 11:32:27 EDT 2020
          spc_5_src_epoch_90_tr_set_a Sun Aug 2 11:32:27 EDT 2020
          spc_5_src_epoch_90_tr_set_b Sun Aug 2 11:59:24 EDT 2020
          spc_5_src_epoch_90_tr_set_c Sun Aug 2 12:25:24 EDT 2020
    batch_alt09.arl.army.mil_v0.sh Sun Aug 2 12:51:31 EDT 2020
          spc_5_src_epoch_90_tr_set_a Sun Aug 2 12:51:31 EDT 2020
          spc_5_src_epoch_90_tr_set_b Sun Aug 2 13:17:36 EDT 2020
          spc_5_src_epoch_90_tr_set_c Sun Aug 2 13:43:54 EDT 2020
    batch_alt10.arl.army.mil_v0.sh Sun Aug 2 14:10:45 EDT 2020
          spc_5_src_epoch_90_tr_set_a Sun Aug 2 14:10:45 EDT 2020
          spc_5_src_epoch_90_tr_set_b Sun Aug 2 14:36:28 EDT 2020
          spc_5_src_epoch_90_tr_set_c Sun Aug 2 15:02:48 EDT 2020
  batch_src_epoch_100.sh Sun Aug 2 15:29:13 EDT 2020
    batch_alt08.arl.army.mil_v0.sh Sun Aug 2 15:29:13 EDT 2020
          spc_5_src_epoch_100_tr_set_a Sun Aug 2 15:29:13 EDT 2020
          spc_5_src_epoch_100_tr_set_b Sun Aug 2 15:55:42 EDT 2020
          spc_5_src_epoch_100_tr_set_c Sun Aug 2 16:22:04 EDT 2020
    batch_alt09.arl.army.mil_v0.sh Sun Aug 2 16:48:11 EDT 2020
          spc_5_src_epoch_100_tr_set_a Sun Aug 2 16:48:11 EDT 2020
          spc_5_src_epoch_100_tr_set_b Sun Aug 2 17:14:43 EDT 2020
          spc_5_src_epoch_100_tr_set_c Sun Aug 2 17:41:03 EDT 2020
    batch_alt10.arl.army.mil_v0.sh Sun Aug 2 18:07:03 EDT 2020
          spc_5_src_epoch_100_tr_set_a Sun Aug 2 18:07:03 EDT 2020
          spc_5_src_epoch_100_tr_set_b Sun Aug 2 18:33:24 EDT 2020
          spc_5_src_epoch_100_tr_set_c Sun Aug 2 18:59:43 EDT 2020
  batch_src_epoch_110.sh Sun Aug 2 19:25:48 EDT 2020
    batch_alt08.arl.army.mil_v0.sh Sun Aug 2 19:25:48 EDT 2020
          spc_5_src_epoch_110_tr_set_a Sun Aug 2 19:25:48 EDT 2020
          spc_5_src_epoch_110_tr_set_b Sun Aug 2 19:52:01 EDT 2020
          spc_5_src_epoch_110_tr_set_c Sun Aug 2 20:19:25 EDT 2020
    batch_alt09.arl.army.mil_v0.sh Sun Aug 2 20:45:25 EDT 2020
          spc_5_src_epoch_110_tr_set_a Sun Aug 2 20:45:25 EDT 2020
          spc_5_src_epoch_110_tr_set_b Sun Aug 2 21:11:50 EDT 2020
          spc_5_src_epoch_110_tr_set_c Sun Aug 2 21:37:40 EDT 2020
    batch_alt10.arl.army.mil_v0.sh Sun Aug 2 22:03:58 EDT 2020
          spc_5_src_epoch_110_tr_set_a Sun Aug 2 22:03:58 EDT 2020
          spc_5_src_epoch_110_tr_set_b Sun Aug 2 22:29:46 EDT 2020
          spc_5_src_epoch_110_tr_set_c Sun Aug 2 22:55:52 EDT 2020
  batch_src_epoch_120.sh Sun Aug 2 23:21:24 EDT 2020
    batch_alt08.arl.army.mil_v0.sh Sun Aug 2 23:21:24 EDT 2020
          spc_5_src_epoch_120_tr_set_a Sun Aug 2 23:21:24 EDT 2020
          spc_5_src_epoch_120_tr_set_b Sun Aug 2 23:48:01 EDT 2020
          spc_5_src_epoch_120_tr_set_c Mon Aug 3 00:13:53 EDT 2020
    batch_alt09.arl.army.mil_v0.sh Mon Aug 3 00:40:56 EDT 2020
          spc_5_src_epoch_120_tr_set_a Mon Aug 3 00:40:56 EDT 2020
          spc_5_src_epoch_120_tr_set_b Mon Aug 3 01:06:59 EDT 2020
          spc_5_src_epoch_120_tr_set_c Mon Aug 3 01:33:22 EDT 2020
    batch_alt10.arl.army.mil_v0.sh Mon Aug 3 01:59:25 EDT 2020
          spc_5_src_epoch_120_tr_set_a Mon Aug 3 01:59:25 EDT 2020
          spc_5_src_epoch_120_tr_set_b Mon Aug 3 02:25:29 EDT 2020
          spc_5_src_epoch_120_tr_set_c Mon Aug 3 02:51:17 EDT 2020
  batch_src_epoch_130.sh Mon Aug 3 03:17:27 EDT 2020
    batch_alt08.arl.army.mil_v0.sh Mon Aug 3 03:17:27 EDT 2020
          spc_5_src_epoch_130_tr_set_a Mon Aug 3 03:17:27 EDT 2020
          spc_5_src_epoch_130_tr_set_b Mon Aug 3 03:42:52 EDT 2020
          spc_5_src_epoch_130_tr_set_c Mon Aug 3 04:09:16 EDT 2020
    batch_alt09.arl.army.mil_v0.sh Mon Aug 3 04:35:42 EDT 2020
          spc_5_src_epoch_130_tr_set_a Mon Aug 3 04:35:42 EDT 2020
          spc_5_src_epoch_130_tr_set_b Mon Aug 3 05:01:08 EDT 2020
          spc_5_src_epoch_130_tr_set_c Mon Aug 3 05:27:08 EDT 2020
    batch_alt10.arl.army.mil_v0.sh Mon Aug 3 05:52:54 EDT 2020
          spc_5_src_epoch_130_tr_set_a Mon Aug 3 05:52:54 EDT 2020
          spc_5_src_epoch_130_tr_set_b Mon Aug 3 06:18:18 EDT 2020
          spc_5_src_epoch_130_tr_set_c Mon Aug 3 06:43:55 EDT 2020
  batch_src_epoch_140.sh Mon Aug 3 07:09:20 EDT 2020
    batch_alt08.arl.army.mil_v0.sh Mon Aug 3 07:09:20 EDT 2020
          spc_5_src_epoch_140_tr_set_a Mon Aug 3 07:09:20 EDT 2020
          spc_5_src_epoch_140_tr_set_b Mon Aug 3 07:34:42 EDT 2020
          spc_5_src_epoch_140_tr_set_c Mon Aug 3 08:00:09 EDT 2020
    batch_alt09.arl.army.mil_v0.sh Mon Aug 3 08:26:19 EDT 2020
          spc_5_src_epoch_140_tr_set_a Mon Aug 3 08:26:19 EDT 2020
          spc_5_src_epoch_140_tr_set_b Mon Aug 3 08:52:14 EDT 2020
          spc_5_src_epoch_140_tr_set_c Mon Aug 3 09:17:32 EDT 2020
    batch_alt10.arl.army.mil_v0.sh Mon Aug 3 09:42:48 EDT 2020
          spc_5_src_epoch_140_tr_set_a Mon Aug 3 09:42:48 EDT 2020
          spc_5_src_epoch_140_tr_set_b Mon Aug 3 10:08:17 EDT 2020
          spc_5_src_epoch_140_tr_set_c Mon Aug 3 10:33:38 EDT 2020
  batch_src_epoch_150.sh Mon Aug 3 10:58:59 EDT 2020
    batch_alt08.arl.army.mil_v0.sh Mon Aug 3 10:58:59 EDT 2020
          spc_5_src_epoch_150_tr_set_a Mon Aug 3 10:58:59 EDT 2020
          spc_5_src_epoch_150_tr_set_b Mon Aug 3 11:24:09 EDT 2020
          spc_5_src_epoch_150_tr_set_c Mon Aug 3 11:49:36 EDT 2020
    batch_alt09.arl.army.mil_v0.sh Mon Aug 3 12:14:55 EDT 2020
          spc_5_src_epoch_150_tr_set_a Mon Aug 3 12:14:55 EDT 2020
          spc_5_src_epoch_150_tr_set_b Mon Aug 3 12:39:54 EDT 2020
          spc_5_src_epoch_150_tr_set_c Mon Aug 3 13:05:03 EDT 2020
    batch_alt10.arl.army.mil_v0.sh Mon Aug 3 13:29:57 EDT 2020
          spc_5_src_epoch_150_tr_set_a Mon Aug 3 13:29:57 EDT 2020
          spc_5_src_epoch_150_tr_set_b Mon Aug 3 13:55:02 EDT 2020
          spc_5_src_epoch_150_tr_set_c Mon Aug 3 14:20:20 EDT 2020
  batch_src_epoch_160.sh Mon Aug 3 14:45:09 EDT 2020
    batch_alt08.arl.army.mil_v0.sh Mon Aug 3 14:45:09 EDT 2020
          spc_5_src_epoch_160_tr_set_a Mon Aug 3 14:45:09 EDT 2020
          spc_5_src_epoch_160_tr_set_b Mon Aug 3 15:10:30 EDT 2020
          spc_5_src_epoch_160_tr_set_c Mon Aug 3 15:37:18 EDT 2020
    batch_alt09.arl.army.mil_v0.sh Mon Aug 3 16:02:22 EDT 2020
          spc_5_src_epoch_160_tr_set_a Mon Aug 3 16:02:22 EDT 2020
          spc_5_src_epoch_160_tr_set_b Mon Aug 3 16:28:31 EDT 2020
          spc_5_src_epoch_160_tr_set_c Mon Aug 3 16:53:37 EDT 2020
    batch_alt10.arl.army.mil_v0.sh Mon Aug 3 17:19:33 EDT 2020
          spc_5_src_epoch_160_tr_set_a Mon Aug 3 17:19:33 EDT 2020
          spc_5_src_epoch_160_tr_set_b Mon Aug 3 17:45:09 EDT 2020
          spc_5_src_epoch_160_tr_set_c Mon Aug 3 18:11:21 EDT 2020
  batch_src_epoch_170.sh Mon Aug 3 18:36:54 EDT 2020
    batch_alt08.arl.army.mil_v0.sh Mon Aug 3 18:36:54 EDT 2020
          spc_5_src_epoch_170_tr_set_a Mon Aug 3 18:36:54 EDT 2020
          spc_5_src_epoch_170_tr_set_b Mon Aug 3 19:02:52 EDT 2020
          spc_5_src_epoch_170_tr_set_c Mon Aug 3 19:28:42 EDT 2020
    batch_alt09.arl.army.mil_v0.sh Mon Aug 3 19:53:45 EDT 2020
          spc_5_src_epoch_170_tr_set_a Mon Aug 3 19:53:45 EDT 2020
          spc_5_src_epoch_170_tr_set_b Mon Aug 3 20:19:46 EDT 2020
          spc_5_src_epoch_170_tr_set_c Mon Aug 3 20:45:10 EDT 2020
    batch_alt10.arl.army.mil_v0.sh Mon Aug 3 21:11:35 EDT 2020
          spc_5_src_epoch_170_tr_set_a Mon Aug 3 21:11:35 EDT 2020
          spc_5_src_epoch_170_tr_set_b Mon Aug 3 21:36:39 EDT 2020
          spc_5_src_epoch_170_tr_set_c Mon Aug 3 22:01:57 EDT 2020
  batch_src_epoch_180.sh Mon Aug 3 22:27:07 EDT 2020
    batch_alt08.arl.army.mil_v0.sh Mon Aug 3 22:27:07 EDT 2020
          spc_5_src_epoch_180_tr_set_a Mon Aug 3 22:27:07 EDT 2020
          spc_5_src_epoch_180_tr_set_b Mon Aug 3 22:53:19 EDT 2020
          spc_5_src_epoch_180_tr_set_c Mon Aug 3 23:18:23 EDT 2020
    batch_alt09.arl.army.mil_v0.sh Mon Aug 3 23:43:16 EDT 2020
          spc_5_src_epoch_180_tr_set_a Mon Aug 3 23:43:16 EDT 2020
          spc_5_src_epoch_180_tr_set_b Tue Aug 4 00:09:40 EDT 2020
          spc_5_src_epoch_180_tr_set_c Tue Aug 4 00:35:46 EDT 2020
    batch_alt10.arl.army.mil_v0.sh Tue Aug 4 01:01:30 EDT 2020
          spc_5_src_epoch_180_tr_set_a Tue Aug 4 01:01:30 EDT 2020
          spc_5_src_epoch_180_tr_set_b Tue Aug 4 01:27:22 EDT 2020
          spc_5_src_epoch_180_tr_set_c Tue Aug 4 01:52:30 EDT 2020
  batch_src_epoch_190.sh Tue Aug 4 02:17:22 EDT 2020
    batch_alt08.arl.army.mil_v0.sh Tue Aug 4 02:17:22 EDT 2020
          spc_5_src_epoch_190_tr_set_a Tue Aug 4 02:17:22 EDT 2020
          spc_5_src_epoch_190_tr_set_b Tue Aug 4 02:42:23 EDT 2020
          spc_5_src_epoch_190_tr_set_c Tue Aug 4 03:09:37 EDT 2020
    batch_alt09.arl.army.mil_v0.sh Tue Aug 4 03:36:01 EDT 2020
          spc_5_src_epoch_190_tr_set_a Tue Aug 4 03:36:01 EDT 2020
          spc_5_src_epoch_190_tr_set_b Tue Aug 4 04:01:46 EDT 2020
          spc_5_src_epoch_190_tr_set_c Tue Aug 4 04:27:26 EDT 2020
    batch_alt10.arl.army.mil_v0.sh Tue Aug 4 04:53:32 EDT 2020
          spc_5_src_epoch_190_tr_set_a Tue Aug 4 04:53:32 EDT 2020
          spc_5_src_epoch_190_tr_set_b Tue Aug 4 05:18:28 EDT 2020
          spc_5_src_epoch_190_tr_set_c Tue Aug 4 05:43:31 EDT 2020
  batch_src_epoch_200.sh Tue Aug 4 06:08:24 EDT 2020
    batch_alt08.arl.army.mil_v0.sh Tue Aug 4 06:08:24 EDT 2020
          spc_5_src_epoch_200_tr_set_a Tue Aug 4 06:08:24 EDT 2020
          spc_5_src_epoch_200_tr_set_b Tue Aug 4 06:33:59 EDT 2020
          spc_5_src_epoch_200_tr_set_c Tue Aug 4 06:58:57 EDT 2020
    batch_alt09.arl.army.mil_v0.sh Tue Aug 4 07:25:24 EDT 2020
          spc_5_src_epoch_200_tr_set_a Tue Aug 4 07:25:24 EDT 2020
          spc_5_src_epoch_200_tr_set_b Tue Aug 4 07:51:34 EDT 2020
          spc_5_src_epoch_200_tr_set_c Tue Aug 4 08:17:54 EDT 2020
    batch_alt10.arl.army.mil_v0.sh Tue Aug 4 08:43:59 EDT 2020
          spc_5_src_epoch_200_tr_set_a Tue Aug 4 08:43:59 EDT 2020
          spc_5_src_epoch_200_tr_set_b Tue Aug 4 09:10:38 EDT 2020
          spc_5_src_epoch_200_tr_set_c Tue Aug 4 09:35:38 EDT 2020
  batch_src_epoch_best.sh Tue Aug 4 10:00:52 EDT 2020
    batch_alt08.arl.army.mil_v0.sh Tue Aug 4 10:00:52 EDT 2020
          spc_5_src_epoch_best_tr_set_a Tue Aug 4 10:00:52 EDT 2020
          spc_5_src_epoch_best_tr_set_b Tue Aug 4 10:25:54 EDT 2020
          spc_5_src_epoch_best_tr_set_c Tue Aug 4 10:52:08 EDT 2020
    batch_alt09.arl.army.mil_v0.sh Tue Aug 4 11:17:07 EDT 2020
          spc_5_src_epoch_best_tr_set_a Tue Aug 4 11:17:07 EDT 2020
          spc_5_src_epoch_best_tr_set_b Tue Aug 4 11:42:09 EDT 2020
          spc_5_src_epoch_best_tr_set_c Tue Aug 4 12:07:38 EDT 2020
    batch_alt10.arl.army.mil_v0.sh Tue Aug 4 12:32:57 EDT 2020
          spc_5_src_epoch_best_tr_set_a Tue Aug 4 12:32:57 EDT 2020
          spc_5_src_epoch_best_tr_set_b Tue Aug 4 12:57:39 EDT 2020
          spc_5_src_epoch_best_tr_set_c Tue Aug 4 13:22:39 EDT 2020
