./execute_expts/opt_tfer_expts/cifar_100_living_notliving_expts/wide_resnet_28_10_arch/tfer_nets/spc_25/batch_spc_25.sh Mon Aug 3 20:10:24 EDT 2020
  batch_src_epoch_0.sh Mon Aug 3 20:10:24 EDT 2020
    batch_alt08.arl.army.mil_v0.sh Mon Aug 3 20:10:24 EDT 2020
          spc_25_src_epoch_0_tr_set_a Mon Aug 3 20:10:24 EDT 2020
          spc_25_src_epoch_0_tr_set_b Mon Aug 3 20:52:44 EDT 2020
          spc_25_src_epoch_0_tr_set_c Mon Aug 3 21:34:44 EDT 2020
    batch_alt09.arl.army.mil_v0.sh Mon Aug 3 22:16:01 EDT 2020
          spc_25_src_epoch_0_tr_set_a Mon Aug 3 22:16:01 EDT 2020
          spc_25_src_epoch_0_tr_set_b Mon Aug 3 22:57:35 EDT 2020
          spc_25_src_epoch_0_tr_set_c Mon Aug 3 23:40:04 EDT 2020
    batch_alt10.arl.army.mil_v0.sh Tue Aug 4 00:21:19 EDT 2020
          spc_25_src_epoch_0_tr_set_a Tue Aug 4 00:21:19 EDT 2020
          spc_25_src_epoch_0_tr_set_b Tue Aug 4 01:02:34 EDT 2020
          spc_25_src_epoch_0_tr_set_c Tue Aug 4 01:44:19 EDT 2020
  batch_src_epoch_10.sh Tue Aug 4 02:25:22 EDT 2020
    batch_alt08.arl.army.mil_v0.sh Tue Aug 4 02:25:22 EDT 2020
          spc_25_src_epoch_10_tr_set_a Tue Aug 4 02:25:22 EDT 2020
          spc_25_src_epoch_10_tr_set_b Tue Aug 4 03:06:03 EDT 2020
          spc_25_src_epoch_10_tr_set_c Tue Aug 4 03:46:49 EDT 2020
    batch_alt09.arl.army.mil_v0.sh Tue Aug 4 04:27:06 EDT 2020
          spc_25_src_epoch_10_tr_set_a Tue Aug 4 04:27:06 EDT 2020
          spc_25_src_epoch_10_tr_set_b Tue Aug 4 05:07:42 EDT 2020
          spc_25_src_epoch_10_tr_set_c Tue Aug 4 05:48:18 EDT 2020
    batch_alt10.arl.army.mil_v0.sh Tue Aug 4 06:28:48 EDT 2020
          spc_25_src_epoch_10_tr_set_a Tue Aug 4 06:28:48 EDT 2020
          spc_25_src_epoch_10_tr_set_b Tue Aug 4 07:08:54 EDT 2020
          spc_25_src_epoch_10_tr_set_c Tue Aug 4 07:49:13 EDT 2020
  batch_src_epoch_20.sh Tue Aug 4 08:30:03 EDT 2020
    batch_alt08.arl.army.mil_v0.sh Tue Aug 4 08:30:03 EDT 2020
          spc_25_src_epoch_20_tr_set_a Tue Aug 4 08:30:03 EDT 2020
          spc_25_src_epoch_20_tr_set_b Tue Aug 4 09:09:57 EDT 2020
          spc_25_src_epoch_20_tr_set_c Tue Aug 4 09:49:55 EDT 2020
    batch_alt09.arl.army.mil_v0.sh Tue Aug 4 10:30:19 EDT 2020
          spc_25_src_epoch_20_tr_set_a Tue Aug 4 10:30:19 EDT 2020
          spc_25_src_epoch_20_tr_set_b Tue Aug 4 11:11:12 EDT 2020
          spc_25_src_epoch_20_tr_set_c Tue Aug 4 11:51:25 EDT 2020
    batch_alt10.arl.army.mil_v0.sh Tue Aug 4 12:31:25 EDT 2020
          spc_25_src_epoch_20_tr_set_a Tue Aug 4 12:31:25 EDT 2020
          spc_25_src_epoch_20_tr_set_b Tue Aug 4 13:12:28 EDT 2020
          spc_25_src_epoch_20_tr_set_c Tue Aug 4 13:52:39 EDT 2020
  batch_src_epoch_30.sh Tue Aug 4 14:33:07 EDT 2020
    batch_alt08.arl.army.mil_v0.sh Tue Aug 4 14:33:07 EDT 2020
          spc_25_src_epoch_30_tr_set_a Tue Aug 4 14:33:07 EDT 2020
          spc_25_src_epoch_30_tr_set_b Tue Aug 4 15:13:26 EDT 2020
          spc_25_src_epoch_30_tr_set_c Tue Aug 4 15:53:30 EDT 2020
    batch_alt09.arl.army.mil_v0.sh Tue Aug 4 16:33:56 EDT 2020
          spc_25_src_epoch_30_tr_set_a Tue Aug 4 16:33:56 EDT 2020
          spc_25_src_epoch_30_tr_set_b Tue Aug 4 17:13:47 EDT 2020
          spc_25_src_epoch_30_tr_set_c Tue Aug 4 17:53:37 EDT 2020
    batch_alt10.arl.army.mil_v0.sh Tue Aug 4 18:33:53 EDT 2020
          spc_25_src_epoch_30_tr_set_a Tue Aug 4 18:33:53 EDT 2020
          spc_25_src_epoch_30_tr_set_b Tue Aug 4 19:14:04 EDT 2020
          spc_25_src_epoch_30_tr_set_c Tue Aug 4 19:54:04 EDT 2020
  batch_src_epoch_40.sh Tue Aug 4 20:34:09 EDT 2020
    batch_alt08.arl.army.mil_v0.sh Tue Aug 4 20:34:09 EDT 2020
          spc_25_src_epoch_40_tr_set_a Tue Aug 4 20:34:09 EDT 2020
          spc_25_src_epoch_40_tr_set_b Tue Aug 4 21:13:50 EDT 2020
          spc_25_src_epoch_40_tr_set_c Tue Aug 4 21:54:06 EDT 2020
    batch_alt09.arl.army.mil_v0.sh Tue Aug 4 22:34:10 EDT 2020
          spc_25_src_epoch_40_tr_set_a Tue Aug 4 22:34:10 EDT 2020
          spc_25_src_epoch_40_tr_set_b Tue Aug 4 23:15:27 EDT 2020
          spc_25_src_epoch_40_tr_set_c Tue Aug 4 23:55:46 EDT 2020
    batch_alt10.arl.army.mil_v0.sh Wed Aug 5 00:35:47 EDT 2020
          spc_25_src_epoch_40_tr_set_a Wed Aug 5 00:35:47 EDT 2020
          spc_25_src_epoch_40_tr_set_b Wed Aug 5 01:15:55 EDT 2020
          spc_25_src_epoch_40_tr_set_c Wed Aug 5 01:56:50 EDT 2020
  batch_src_epoch_50.sh Wed Aug 5 02:36:52 EDT 2020
    batch_alt08.arl.army.mil_v0.sh Wed Aug 5 02:36:52 EDT 2020
          spc_25_src_epoch_50_tr_set_a Wed Aug 5 02:36:52 EDT 2020
          spc_25_src_epoch_50_tr_set_b Wed Aug 5 03:17:02 EDT 2020
          spc_25_src_epoch_50_tr_set_c Wed Aug 5 03:57:02 EDT 2020
    batch_alt09.arl.army.mil_v0.sh Wed Aug 5 04:37:08 EDT 2020
          spc_25_src_epoch_50_tr_set_a Wed Aug 5 04:37:08 EDT 2020
          spc_25_src_epoch_50_tr_set_b Wed Aug 5 05:17:05 EDT 2020
          spc_25_src_epoch_50_tr_set_c Wed Aug 5 05:56:53 EDT 2020
    batch_alt10.arl.army.mil_v0.sh Wed Aug 5 06:36:49 EDT 2020
          spc_25_src_epoch_50_tr_set_a Wed Aug 5 06:36:49 EDT 2020
          spc_25_src_epoch_50_tr_set_b Wed Aug 5 07:16:33 EDT 2020
          spc_25_src_epoch_50_tr_set_c Wed Aug 5 07:56:37 EDT 2020
  batch_src_epoch_60.sh Wed Aug 5 08:36:41 EDT 2020
    batch_alt08.arl.army.mil_v0.sh Wed Aug 5 08:36:41 EDT 2020
          spc_25_src_epoch_60_tr_set_a Wed Aug 5 08:36:41 EDT 2020
          spc_25_src_epoch_60_tr_set_b Wed Aug 5 09:16:47 EDT 2020
          spc_25_src_epoch_60_tr_set_c Wed Aug 5 09:56:36 EDT 2020
    batch_alt09.arl.army.mil_v0.sh Wed Aug 5 10:36:49 EDT 2020
          spc_25_src_epoch_60_tr_set_a Wed Aug 5 10:36:49 EDT 2020
          spc_25_src_epoch_60_tr_set_b Wed Aug 5 11:16:44 EDT 2020
          spc_25_src_epoch_60_tr_set_c Wed Aug 5 11:57:04 EDT 2020
    batch_alt10.arl.army.mil_v0.sh Wed Aug 5 12:36:44 EDT 2020
          spc_25_src_epoch_60_tr_set_a Wed Aug 5 12:36:44 EDT 2020
          spc_25_src_epoch_60_tr_set_b Wed Aug 5 13:16:57 EDT 2020
          spc_25_src_epoch_60_tr_set_c Wed Aug 5 13:56:28 EDT 2020
  batch_src_epoch_70.sh Wed Aug 5 14:36:39 EDT 2020
    batch_alt08.arl.army.mil_v0.sh Wed Aug 5 14:36:39 EDT 2020
          spc_25_src_epoch_70_tr_set_a Wed Aug 5 14:36:39 EDT 2020
          spc_25_src_epoch_70_tr_set_b Wed Aug 5 15:16:53 EDT 2020
          spc_25_src_epoch_70_tr_set_c Wed Aug 5 15:56:40 EDT 2020
    batch_alt09.arl.army.mil_v0.sh Wed Aug 5 16:36:12 EDT 2020
          spc_25_src_epoch_70_tr_set_a Wed Aug 5 16:36:12 EDT 2020
          spc_25_src_epoch_70_tr_set_b Wed Aug 5 17:16:09 EDT 2020
          spc_25_src_epoch_70_tr_set_c Wed Aug 5 17:55:48 EDT 2020
    batch_alt10.arl.army.mil_v0.sh Wed Aug 5 18:35:51 EDT 2020
          spc_25_src_epoch_70_tr_set_a Wed Aug 5 18:35:51 EDT 2020
          spc_25_src_epoch_70_tr_set_b Wed Aug 5 19:15:57 EDT 2020
          spc_25_src_epoch_70_tr_set_c Wed Aug 5 19:55:31 EDT 2020
  batch_src_epoch_80.sh Wed Aug 5 20:35:32 EDT 2020
    batch_alt08.arl.army.mil_v0.sh Wed Aug 5 20:35:32 EDT 2020
          spc_25_src_epoch_80_tr_set_a Wed Aug 5 20:35:32 EDT 2020
          spc_25_src_epoch_80_tr_set_b Wed Aug 5 21:16:01 EDT 2020
          spc_25_src_epoch_80_tr_set_c Wed Aug 5 21:56:00 EDT 2020
    batch_alt09.arl.army.mil_v0.sh Wed Aug 5 22:37:15 EDT 2020
          spc_25_src_epoch_80_tr_set_a Wed Aug 5 22:37:15 EDT 2020
          spc_25_src_epoch_80_tr_set_b Wed Aug 5 23:17:10 EDT 2020
          spc_25_src_epoch_80_tr_set_c Wed Aug 5 23:57:48 EDT 2020
    batch_alt10.arl.army.mil_v0.sh Thu Aug 6 00:37:14 EDT 2020
          spc_25_src_epoch_80_tr_set_a Thu Aug 6 00:37:14 EDT 2020
          spc_25_src_epoch_80_tr_set_b Thu Aug 6 01:17:38 EDT 2020
          spc_25_src_epoch_80_tr_set_c Thu Aug 6 01:57:26 EDT 2020
  batch_src_epoch_90.sh Thu Aug 6 02:37:50 EDT 2020
    batch_alt08.arl.army.mil_v0.sh Thu Aug 6 02:37:50 EDT 2020
          spc_25_src_epoch_90_tr_set_a Thu Aug 6 02:37:50 EDT 2020
          spc_25_src_epoch_90_tr_set_b Thu Aug 6 03:18:01 EDT 2020
          spc_25_src_epoch_90_tr_set_c Thu Aug 6 03:58:02 EDT 2020
    batch_alt09.arl.army.mil_v0.sh Thu Aug 6 04:37:26 EDT 2020
          spc_25_src_epoch_90_tr_set_a Thu Aug 6 04:37:26 EDT 2020
          spc_25_src_epoch_90_tr_set_b Thu Aug 6 05:17:37 EDT 2020
          spc_25_src_epoch_90_tr_set_c Thu Aug 6 05:57:27 EDT 2020
    batch_alt10.arl.army.mil_v0.sh Thu Aug 6 06:37:21 EDT 2020
          spc_25_src_epoch_90_tr_set_a Thu Aug 6 06:37:21 EDT 2020
          spc_25_src_epoch_90_tr_set_b Thu Aug 6 07:17:09 EDT 2020
          spc_25_src_epoch_90_tr_set_c Thu Aug 6 07:57:11 EDT 2020
  batch_src_epoch_100.sh Thu Aug 6 08:37:30 EDT 2020
    batch_alt08.arl.army.mil_v0.sh Thu Aug 6 08:37:30 EDT 2020
          spc_25_src_epoch_100_tr_set_a Thu Aug 6 08:37:30 EDT 2020
          spc_25_src_epoch_100_tr_set_b Thu Aug 6 09:17:54 EDT 2020
          spc_25_src_epoch_100_tr_set_c Thu Aug 6 09:57:49 EDT 2020
    batch_alt09.arl.army.mil_v0.sh Thu Aug 6 10:37:41 EDT 2020
          spc_25_src_epoch_100_tr_set_a Thu Aug 6 10:37:41 EDT 2020
          spc_25_src_epoch_100_tr_set_b Thu Aug 6 11:17:35 EDT 2020
          spc_25_src_epoch_100_tr_set_c Thu Aug 6 11:57:24 EDT 2020
    batch_alt10.arl.army.mil_v0.sh Thu Aug 6 12:36:59 EDT 2020
          spc_25_src_epoch_100_tr_set_a Thu Aug 6 12:36:59 EDT 2020
          spc_25_src_epoch_100_tr_set_b Thu Aug 6 13:16:34 EDT 2020
          spc_25_src_epoch_100_tr_set_c Thu Aug 6 13:56:32 EDT 2020
  batch_src_epoch_110.sh Thu Aug 6 14:36:30 EDT 2020
    batch_alt08.arl.army.mil_v0.sh Thu Aug 6 14:36:31 EDT 2020
          spc_25_src_epoch_110_tr_set_a Thu Aug 6 14:36:31 EDT 2020
          spc_25_src_epoch_110_tr_set_b Thu Aug 6 15:16:39 EDT 2020
          spc_25_src_epoch_110_tr_set_c Thu Aug 6 15:57:30 EDT 2020
    batch_alt09.arl.army.mil_v0.sh Thu Aug 6 16:37:39 EDT 2020
          spc_25_src_epoch_110_tr_set_a Thu Aug 6 16:37:39 EDT 2020
          spc_25_src_epoch_110_tr_set_b Thu Aug 6 17:17:43 EDT 2020
          spc_25_src_epoch_110_tr_set_c Thu Aug 6 17:57:53 EDT 2020
    batch_alt10.arl.army.mil_v0.sh Thu Aug 6 18:37:59 EDT 2020
          spc_25_src_epoch_110_tr_set_a Thu Aug 6 18:37:59 EDT 2020
          spc_25_src_epoch_110_tr_set_b Thu Aug 6 19:18:09 EDT 2020
          spc_25_src_epoch_110_tr_set_c Thu Aug 6 19:57:58 EDT 2020
  batch_src_epoch_120.sh Thu Aug 6 20:38:22 EDT 2020
    batch_alt08.arl.army.mil_v0.sh Thu Aug 6 20:38:22 EDT 2020
          spc_25_src_epoch_120_tr_set_a Thu Aug 6 20:38:22 EDT 2020
          spc_25_src_epoch_120_tr_set_b Thu Aug 6 21:18:25 EDT 2020
          spc_25_src_epoch_120_tr_set_c Thu Aug 6 21:59:34 EDT 2020
    batch_alt09.arl.army.mil_v0.sh Thu Aug 6 22:40:00 EDT 2020
          spc_25_src_epoch_120_tr_set_a Thu Aug 6 22:40:00 EDT 2020
          spc_25_src_epoch_120_tr_set_b Thu Aug 6 23:19:54 EDT 2020
          spc_25_src_epoch_120_tr_set_c Fri Aug 7 00:00:00 EDT 2020
    batch_alt10.arl.army.mil_v0.sh Fri Aug 7 00:40:08 EDT 2020
          spc_25_src_epoch_120_tr_set_a Fri Aug 7 00:40:08 EDT 2020
          spc_25_src_epoch_120_tr_set_b Fri Aug 7 01:20:54 EDT 2020
          spc_25_src_epoch_120_tr_set_c Fri Aug 7 02:01:07 EDT 2020
  batch_src_epoch_130.sh Fri Aug 7 02:41:15 EDT 2020
    batch_alt08.arl.army.mil_v0.sh Fri Aug 7 02:41:15 EDT 2020
          spc_25_src_epoch_130_tr_set_a Fri Aug 7 02:41:15 EDT 2020
          spc_25_src_epoch_130_tr_set_b Fri Aug 7 03:21:25 EDT 2020
          spc_25_src_epoch_130_tr_set_c Fri Aug 7 04:01:28 EDT 2020
    batch_alt09.arl.army.mil_v0.sh Fri Aug 7 04:41:34 EDT 2020
          spc_25_src_epoch_130_tr_set_a Fri Aug 7 04:41:34 EDT 2020
          spc_25_src_epoch_130_tr_set_b Fri Aug 7 05:21:16 EDT 2020
          spc_25_src_epoch_130_tr_set_c Fri Aug 7 06:01:11 EDT 2020
    batch_alt10.arl.army.mil_v0.sh Fri Aug 7 06:41:02 EDT 2020
          spc_25_src_epoch_130_tr_set_a Fri Aug 7 06:41:02 EDT 2020
          spc_25_src_epoch_130_tr_set_b Fri Aug 7 07:21:02 EDT 2020
          spc_25_src_epoch_130_tr_set_c Fri Aug 7 08:01:24 EDT 2020
  batch_src_epoch_140.sh Fri Aug 7 08:41:23 EDT 2020
    batch_alt08.arl.army.mil_v0.sh Fri Aug 7 08:41:23 EDT 2020
          spc_25_src_epoch_140_tr_set_a Fri Aug 7 08:41:23 EDT 2020
          spc_25_src_epoch_140_tr_set_b Fri Aug 7 09:21:32 EDT 2020
          spc_25_src_epoch_140_tr_set_c Fri Aug 7 10:01:49 EDT 2020
    batch_alt09.arl.army.mil_v0.sh Fri Aug 7 10:42:18 EDT 2020
          spc_25_src_epoch_140_tr_set_a Fri Aug 7 10:42:18 EDT 2020
          spc_25_src_epoch_140_tr_set_b Fri Aug 7 11:22:54 EDT 2020
          spc_25_src_epoch_140_tr_set_c Fri Aug 7 12:03:02 EDT 2020
    batch_alt10.arl.army.mil_v0.sh Fri Aug 7 12:43:18 EDT 2020
          spc_25_src_epoch_140_tr_set_a Fri Aug 7 12:43:18 EDT 2020
          spc_25_src_epoch_140_tr_set_b Fri Aug 7 13:24:46 EDT 2020
          spc_25_src_epoch_140_tr_set_c Fri Aug 7 14:04:52 EDT 2020
  batch_src_epoch_150.sh Fri Aug 7 14:45:25 EDT 2020
    batch_alt08.arl.army.mil_v0.sh Fri Aug 7 14:45:25 EDT 2020
          spc_25_src_epoch_150_tr_set_a Fri Aug 7 14:45:25 EDT 2020
          spc_25_src_epoch_150_tr_set_b Fri Aug 7 15:25:31 EDT 2020
          spc_25_src_epoch_150_tr_set_c Fri Aug 7 16:05:49 EDT 2020
    batch_alt09.arl.army.mil_v0.sh Fri Aug 7 16:46:18 EDT 2020
          spc_25_src_epoch_150_tr_set_a Fri Aug 7 16:46:18 EDT 2020
          spc_25_src_epoch_150_tr_set_b Fri Aug 7 17:26:38 EDT 2020
          spc_25_src_epoch_150_tr_set_c Fri Aug 7 18:06:58 EDT 2020
    batch_alt10.arl.army.mil_v0.sh Fri Aug 7 18:46:55 EDT 2020
          spc_25_src_epoch_150_tr_set_a Fri Aug 7 18:46:55 EDT 2020
          spc_25_src_epoch_150_tr_set_b Fri Aug 7 19:27:41 EDT 2020
          spc_25_src_epoch_150_tr_set_c Fri Aug 7 20:07:58 EDT 2020
  batch_src_epoch_160.sh Fri Aug 7 20:47:53 EDT 2020
    batch_alt08.arl.army.mil_v0.sh Fri Aug 7 20:47:53 EDT 2020
          spc_25_src_epoch_160_tr_set_a Fri Aug 7 20:47:53 EDT 2020
          spc_25_src_epoch_160_tr_set_b Fri Aug 7 21:28:16 EDT 2020
          spc_25_src_epoch_160_tr_set_c Fri Aug 7 22:09:44 EDT 2020
    batch_alt09.arl.army.mil_v0.sh Fri Aug 7 22:50:09 EDT 2020
          spc_25_src_epoch_160_tr_set_a Fri Aug 7 22:50:09 EDT 2020
          spc_25_src_epoch_160_tr_set_b Fri Aug 7 23:30:50 EDT 2020
          spc_25_src_epoch_160_tr_set_c Sat Aug 8 00:11:05 EDT 2020
    batch_alt10.arl.army.mil_v0.sh Sat Aug 8 00:50:58 EDT 2020
          spc_25_src_epoch_160_tr_set_a Sat Aug 8 00:50:58 EDT 2020
          spc_25_src_epoch_160_tr_set_b Sat Aug 8 01:31:17 EDT 2020
          spc_25_src_epoch_160_tr_set_c Sat Aug 8 02:11:51 EDT 2020
  batch_src_epoch_170.sh Sat Aug 8 02:53:11 EDT 2020
    batch_alt08.arl.army.mil_v0.sh Sat Aug 8 02:53:11 EDT 2020
          spc_25_src_epoch_170_tr_set_a Sat Aug 8 02:53:11 EDT 2020
          spc_25_src_epoch_170_tr_set_b Sat Aug 8 03:33:24 EDT 2020
          spc_25_src_epoch_170_tr_set_c Sat Aug 8 04:13:58 EDT 2020
    batch_alt09.arl.army.mil_v0.sh Sat Aug 8 04:54:29 EDT 2020
          spc_25_src_epoch_170_tr_set_a Sat Aug 8 04:54:29 EDT 2020
          spc_25_src_epoch_170_tr_set_b Sat Aug 8 05:34:58 EDT 2020
          spc_25_src_epoch_170_tr_set_c Sat Aug 8 06:15:19 EDT 2020
    batch_alt10.arl.army.mil_v0.sh Sat Aug 8 06:55:24 EDT 2020
          spc_25_src_epoch_170_tr_set_a Sat Aug 8 06:55:24 EDT 2020
          spc_25_src_epoch_170_tr_set_b Sat Aug 8 07:35:23 EDT 2020
          spc_25_src_epoch_170_tr_set_c Sat Aug 8 08:15:54 EDT 2020
  batch_src_epoch_180.sh Sat Aug 8 08:57:17 EDT 2020
    batch_alt08.arl.army.mil_v0.sh Sat Aug 8 08:57:17 EDT 2020
          spc_25_src_epoch_180_tr_set_a Sat Aug 8 08:57:17 EDT 2020
          spc_25_src_epoch_180_tr_set_b Sat Aug 8 09:37:43 EDT 2020
          spc_25_src_epoch_180_tr_set_c Sat Aug 8 10:18:14 EDT 2020
    batch_alt09.arl.army.mil_v0.sh Sat Aug 8 10:58:42 EDT 2020
          spc_25_src_epoch_180_tr_set_a Sat Aug 8 10:58:42 EDT 2020
          spc_25_src_epoch_180_tr_set_b Sat Aug 8 11:38:58 EDT 2020
          spc_25_src_epoch_180_tr_set_c Sat Aug 8 12:19:50 EDT 2020
    batch_alt10.arl.army.mil_v0.sh Sat Aug 8 13:00:28 EDT 2020
          spc_25_src_epoch_180_tr_set_a Sat Aug 8 13:00:28 EDT 2020
          spc_25_src_epoch_180_tr_set_b Sat Aug 8 13:41:28 EDT 2020
          spc_25_src_epoch_180_tr_set_c Sat Aug 8 14:22:06 EDT 2020
  batch_src_epoch_190.sh Sat Aug 8 15:02:44 EDT 2020
    batch_alt08.arl.army.mil_v0.sh Sat Aug 8 15:02:44 EDT 2020
          spc_25_src_epoch_190_tr_set_a Sat Aug 8 15:02:44 EDT 2020
          spc_25_src_epoch_190_tr_set_b Sat Aug 8 15:43:29 EDT 2020
          spc_25_src_epoch_190_tr_set_c Sat Aug 8 16:23:42 EDT 2020
    batch_alt09.arl.army.mil_v0.sh Sat Aug 8 17:04:12 EDT 2020
          spc_25_src_epoch_190_tr_set_a Sat Aug 8 17:04:12 EDT 2020
          spc_25_src_epoch_190_tr_set_b Sat Aug 8 17:44:20 EDT 2020
          spc_25_src_epoch_190_tr_set_c Sat Aug 8 18:24:36 EDT 2020
    batch_alt10.arl.army.mil_v0.sh Sat Aug 8 19:05:16 EDT 2020
          spc_25_src_epoch_190_tr_set_a Sat Aug 8 19:05:16 EDT 2020
          spc_25_src_epoch_190_tr_set_b Sat Aug 8 19:45:30 EDT 2020
          spc_25_src_epoch_190_tr_set_c Sat Aug 8 20:25:34 EDT 2020
  batch_src_epoch_200.sh Sat Aug 8 21:06:28 EDT 2020
    batch_alt08.arl.army.mil_v0.sh Sat Aug 8 21:06:28 EDT 2020
          spc_25_src_epoch_200_tr_set_a Sat Aug 8 21:06:28 EDT 2020
          spc_25_src_epoch_200_tr_set_b Sat Aug 8 21:47:15 EDT 2020
          spc_25_src_epoch_200_tr_set_c Sat Aug 8 22:28:00 EDT 2020
    batch_alt09.arl.army.mil_v0.sh Sat Aug 8 23:09:04 EDT 2020
          spc_25_src_epoch_200_tr_set_a Sat Aug 8 23:09:04 EDT 2020
          spc_25_src_epoch_200_tr_set_b Sat Aug 8 23:49:36 EDT 2020
          spc_25_src_epoch_200_tr_set_c Sun Aug 9 00:30:19 EDT 2020
    batch_alt10.arl.army.mil_v0.sh Sun Aug 9 01:10:48 EDT 2020
          spc_25_src_epoch_200_tr_set_a Sun Aug 9 01:10:48 EDT 2020
          spc_25_src_epoch_200_tr_set_b Sun Aug 9 01:51:36 EDT 2020
          spc_25_src_epoch_200_tr_set_c Sun Aug 9 02:32:20 EDT 2020
  batch_src_epoch_best.sh Sun Aug 9 03:13:02 EDT 2020
    batch_alt08.arl.army.mil_v0.sh Sun Aug 9 03:13:02 EDT 2020
          spc_25_src_epoch_best_tr_set_a Sun Aug 9 03:13:02 EDT 2020
          spc_25_src_epoch_best_tr_set_b Sun Aug 9 03:53:53 EDT 2020
          spc_25_src_epoch_best_tr_set_c Sun Aug 9 04:35:08 EDT 2020
    batch_alt09.arl.army.mil_v0.sh Sun Aug 9 05:15:25 EDT 2020
          spc_25_src_epoch_best_tr_set_a Sun Aug 9 05:15:25 EDT 2020
          spc_25_src_epoch_best_tr_set_b Sun Aug 9 05:55:40 EDT 2020
          spc_25_src_epoch_best_tr_set_c Sun Aug 9 06:35:52 EDT 2020
    batch_alt10.arl.army.mil_v0.sh Sun Aug 9 07:16:09 EDT 2020
          spc_25_src_epoch_best_tr_set_a Sun Aug 9 07:16:09 EDT 2020
          spc_25_src_epoch_best_tr_set_b Sun Aug 9 07:56:55 EDT 2020
          spc_25_src_epoch_best_tr_set_c Sun Aug 9 08:36:50 EDT 2020
