./execute_expts/opt_tfer_expts/cifar_100_living_notliving_expts/wide_resnet_28_10_arch/tfer_nets/spc_1/batch_spc_1.sh Fri Jul 31 23:43:53 EDT 2020
  batch_src_epoch_0.sh Fri Jul 31 23:43:53 EDT 2020
    batch_alt08.arl.army.mil_v0.sh Fri Jul 31 23:43:53 EDT 2020
          spc_1_src_epoch_0_tr_set_a Fri Jul 31 23:43:53 EDT 2020
          spc_1_src_epoch_0_tr_set_b Sat Aug 1 00:08:23 EDT 2020
          spc_1_src_epoch_0_tr_set_c Sat Aug 1 00:32:44 EDT 2020
    batch_alt09.arl.army.mil_v0.sh Sat Aug 1 00:57:01 EDT 2020
          spc_1_src_epoch_0_tr_set_a Sat Aug 1 00:57:01 EDT 2020
          spc_1_src_epoch_0_tr_set_b Sat Aug 1 01:21:40 EDT 2020
          spc_1_src_epoch_0_tr_set_c Sat Aug 1 01:46:10 EDT 2020
    batch_alt10.arl.army.mil_v0.sh Sat Aug 1 02:10:31 EDT 2020
          spc_1_src_epoch_0_tr_set_a Sat Aug 1 02:10:31 EDT 2020
          spc_1_src_epoch_0_tr_set_b Sat Aug 1 02:36:03 EDT 2020
          spc_1_src_epoch_0_tr_set_c Sat Aug 1 03:00:38 EDT 2020
  batch_src_epoch_10.sh Sat Aug 1 03:24:57 EDT 2020
    batch_alt08.arl.army.mil_v0.sh Sat Aug 1 03:24:57 EDT 2020
          spc_1_src_epoch_10_tr_set_a Sat Aug 1 03:24:57 EDT 2020
          spc_1_src_epoch_10_tr_set_b Sat Aug 1 03:49:02 EDT 2020
          spc_1_src_epoch_10_tr_set_c Sat Aug 1 04:13:28 EDT 2020
    batch_alt09.arl.army.mil_v0.sh Sat Aug 1 04:37:40 EDT 2020
          spc_1_src_epoch_10_tr_set_a Sat Aug 1 04:37:40 EDT 2020
          spc_1_src_epoch_10_tr_set_b Sat Aug 1 05:01:46 EDT 2020
          spc_1_src_epoch_10_tr_set_c Sat Aug 1 05:25:42 EDT 2020
    batch_alt10.arl.army.mil_v0.sh Sat Aug 1 05:50:09 EDT 2020
          spc_1_src_epoch_10_tr_set_a Sat Aug 1 05:50:09 EDT 2020
          spc_1_src_epoch_10_tr_set_b Sat Aug 1 06:14:22 EDT 2020
          spc_1_src_epoch_10_tr_set_c Sat Aug 1 06:37:24 EDT 2020
  batch_src_epoch_20.sh Sat Aug 1 07:01:25 EDT 2020
    batch_alt08.arl.army.mil_v0.sh Sat Aug 1 07:01:25 EDT 2020
          spc_1_src_epoch_20_tr_set_a Sat Aug 1 07:01:25 EDT 2020
          spc_1_src_epoch_20_tr_set_b Sat Aug 1 07:25:55 EDT 2020
          spc_1_src_epoch_20_tr_set_c Sat Aug 1 07:49:55 EDT 2020
    batch_alt09.arl.army.mil_v0.sh Sat Aug 1 08:13:55 EDT 2020
          spc_1_src_epoch_20_tr_set_a Sat Aug 1 08:13:55 EDT 2020
          spc_1_src_epoch_20_tr_set_b Sat Aug 1 08:38:11 EDT 2020
          spc_1_src_epoch_20_tr_set_c Sat Aug 1 09:02:37 EDT 2020
    batch_alt10.arl.army.mil_v0.sh Sat Aug 1 09:26:54 EDT 2020
          spc_1_src_epoch_20_tr_set_a Sat Aug 1 09:26:54 EDT 2020
          spc_1_src_epoch_20_tr_set_b Sat Aug 1 09:50:44 EDT 2020
          spc_1_src_epoch_20_tr_set_c Sat Aug 1 10:14:45 EDT 2020
  batch_src_epoch_30.sh Sat Aug 1 10:39:11 EDT 2020
    batch_alt08.arl.army.mil_v0.sh Sat Aug 1 10:39:11 EDT 2020
          spc_1_src_epoch_30_tr_set_a Sat Aug 1 10:39:11 EDT 2020
          spc_1_src_epoch_30_tr_set_b Sat Aug 1 11:03:29 EDT 2020
          spc_1_src_epoch_30_tr_set_c Sat Aug 1 11:27:39 EDT 2020
    batch_alt09.arl.army.mil_v0.sh Sat Aug 1 11:52:16 EDT 2020
          spc_1_src_epoch_30_tr_set_a Sat Aug 1 11:52:16 EDT 2020
          spc_1_src_epoch_30_tr_set_b Sat Aug 1 12:16:32 EDT 2020
          spc_1_src_epoch_30_tr_set_c Sat Aug 1 12:40:44 EDT 2020
    batch_alt10.arl.army.mil_v0.sh Sat Aug 1 13:05:28 EDT 2020
          spc_1_src_epoch_30_tr_set_a Sat Aug 1 13:05:28 EDT 2020
          spc_1_src_epoch_30_tr_set_b Sat Aug 1 13:29:22 EDT 2020
          spc_1_src_epoch_30_tr_set_c Sat Aug 1 13:53:08 EDT 2020
  batch_src_epoch_40.sh Sat Aug 1 14:18:32 EDT 2020
    batch_alt08.arl.army.mil_v0.sh Sat Aug 1 14:18:32 EDT 2020
          spc_1_src_epoch_40_tr_set_a Sat Aug 1 14:18:32 EDT 2020
          spc_1_src_epoch_40_tr_set_b Sat Aug 1 14:42:44 EDT 2020
          spc_1_src_epoch_40_tr_set_c Sat Aug 1 15:07:24 EDT 2020
    batch_alt09.arl.army.mil_v0.sh Sat Aug 1 15:31:19 EDT 2020
          spc_1_src_epoch_40_tr_set_a Sat Aug 1 15:31:19 EDT 2020
          spc_1_src_epoch_40_tr_set_b Sat Aug 1 15:55:16 EDT 2020
          spc_1_src_epoch_40_tr_set_c Sat Aug 1 16:18:56 EDT 2020
    batch_alt10.arl.army.mil_v0.sh Sat Aug 1 16:42:21 EDT 2020
          spc_1_src_epoch_40_tr_set_a Sat Aug 1 16:42:21 EDT 2020
          spc_1_src_epoch_40_tr_set_b Sat Aug 1 17:06:14 EDT 2020
          spc_1_src_epoch_40_tr_set_c Sat Aug 1 17:30:15 EDT 2020
  batch_src_epoch_50.sh Sat Aug 1 17:54:30 EDT 2020
    batch_alt08.arl.army.mil_v0.sh Sat Aug 1 17:54:30 EDT 2020
          spc_1_src_epoch_50_tr_set_a Sat Aug 1 17:54:30 EDT 2020
          spc_1_src_epoch_50_tr_set_b Sat Aug 1 18:18:34 EDT 2020
          spc_1_src_epoch_50_tr_set_c Sat Aug 1 18:42:36 EDT 2020
    batch_alt09.arl.army.mil_v0.sh Sat Aug 1 19:07:09 EDT 2020
          spc_1_src_epoch_50_tr_set_a Sat Aug 1 19:07:09 EDT 2020
          spc_1_src_epoch_50_tr_set_b Sat Aug 1 19:31:37 EDT 2020
          spc_1_src_epoch_50_tr_set_c Sat Aug 1 19:55:34 EDT 2020
    batch_alt10.arl.army.mil_v0.sh Sat Aug 1 20:19:39 EDT 2020
          spc_1_src_epoch_50_tr_set_a Sat Aug 1 20:19:39 EDT 2020
          spc_1_src_epoch_50_tr_set_b Sat Aug 1 20:44:04 EDT 2020
          spc_1_src_epoch_50_tr_set_c Sat Aug 1 21:08:06 EDT 2020
  batch_src_epoch_60.sh Sat Aug 1 21:32:39 EDT 2020
    batch_alt08.arl.army.mil_v0.sh Sat Aug 1 21:32:39 EDT 2020
          spc_1_src_epoch_60_tr_set_a Sat Aug 1 21:32:39 EDT 2020
          spc_1_src_epoch_60_tr_set_b Sat Aug 1 21:56:45 EDT 2020
          spc_1_src_epoch_60_tr_set_c Sat Aug 1 22:20:45 EDT 2020
    batch_alt09.arl.army.mil_v0.sh Sat Aug 1 22:44:58 EDT 2020
          spc_1_src_epoch_60_tr_set_a Sat Aug 1 22:44:58 EDT 2020
          spc_1_src_epoch_60_tr_set_b Sat Aug 1 23:08:32 EDT 2020
          spc_1_src_epoch_60_tr_set_c Sat Aug 1 23:32:34 EDT 2020
    batch_alt10.arl.army.mil_v0.sh Sat Aug 1 23:56:42 EDT 2020
          spc_1_src_epoch_60_tr_set_a Sat Aug 1 23:56:42 EDT 2020
          spc_1_src_epoch_60_tr_set_b Sun Aug 2 00:20:46 EDT 2020
          spc_1_src_epoch_60_tr_set_c Sun Aug 2 00:44:46 EDT 2020
  batch_src_epoch_70.sh Sun Aug 2 01:09:08 EDT 2020
    batch_alt08.arl.army.mil_v0.sh Sun Aug 2 01:09:08 EDT 2020
          spc_1_src_epoch_70_tr_set_a Sun Aug 2 01:09:08 EDT 2020
          spc_1_src_epoch_70_tr_set_b Sun Aug 2 01:33:08 EDT 2020
          spc_1_src_epoch_70_tr_set_c Sun Aug 2 01:57:06 EDT 2020
    batch_alt09.arl.army.mil_v0.sh Sun Aug 2 02:21:21 EDT 2020
          spc_1_src_epoch_70_tr_set_a Sun Aug 2 02:21:21 EDT 2020
          spc_1_src_epoch_70_tr_set_b Sun Aug 2 02:44:44 EDT 2020
          spc_1_src_epoch_70_tr_set_c Sun Aug 2 03:08:36 EDT 2020
    batch_alt10.arl.army.mil_v0.sh Sun Aug 2 03:33:07 EDT 2020
          spc_1_src_epoch_70_tr_set_a Sun Aug 2 03:33:07 EDT 2020
          spc_1_src_epoch_70_tr_set_b Sun Aug 2 03:57:07 EDT 2020
          spc_1_src_epoch_70_tr_set_c Sun Aug 2 04:20:38 EDT 2020
  batch_src_epoch_80.sh Sun Aug 2 04:44:27 EDT 2020
    batch_alt08.arl.army.mil_v0.sh Sun Aug 2 04:44:27 EDT 2020
          spc_1_src_epoch_80_tr_set_a Sun Aug 2 04:44:27 EDT 2020
          spc_1_src_epoch_80_tr_set_b Sun Aug 2 05:08:14 EDT 2020
          spc_1_src_epoch_80_tr_set_c Sun Aug 2 05:31:49 EDT 2020
    batch_alt09.arl.army.mil_v0.sh Sun Aug 2 05:55:42 EDT 2020
          spc_1_src_epoch_80_tr_set_a Sun Aug 2 05:55:42 EDT 2020
          spc_1_src_epoch_80_tr_set_b Sun Aug 2 06:18:50 EDT 2020
          spc_1_src_epoch_80_tr_set_c Sun Aug 2 06:42:37 EDT 2020
    batch_alt10.arl.army.mil_v0.sh Sun Aug 2 07:06:41 EDT 2020
          spc_1_src_epoch_80_tr_set_a Sun Aug 2 07:06:41 EDT 2020
          spc_1_src_epoch_80_tr_set_b Sun Aug 2 07:30:36 EDT 2020
          spc_1_src_epoch_80_tr_set_c Sun Aug 2 07:54:26 EDT 2020
  batch_src_epoch_90.sh Sun Aug 2 08:18:15 EDT 2020
    batch_alt08.arl.army.mil_v0.sh Sun Aug 2 08:18:15 EDT 2020
          spc_1_src_epoch_90_tr_set_a Sun Aug 2 08:18:15 EDT 2020
          spc_1_src_epoch_90_tr_set_b Sun Aug 2 08:42:07 EDT 2020
          spc_1_src_epoch_90_tr_set_c Sun Aug 2 09:05:49 EDT 2020
    batch_alt09.arl.army.mil_v0.sh Sun Aug 2 09:29:48 EDT 2020
          spc_1_src_epoch_90_tr_set_a Sun Aug 2 09:29:48 EDT 2020
          spc_1_src_epoch_90_tr_set_b Sun Aug 2 09:53:43 EDT 2020
          spc_1_src_epoch_90_tr_set_c Sun Aug 2 10:16:51 EDT 2020
    batch_alt10.arl.army.mil_v0.sh Sun Aug 2 10:40:55 EDT 2020
          spc_1_src_epoch_90_tr_set_a Sun Aug 2 10:40:55 EDT 2020
          spc_1_src_epoch_90_tr_set_b Sun Aug 2 11:04:49 EDT 2020
          spc_1_src_epoch_90_tr_set_c Sun Aug 2 11:28:58 EDT 2020
  batch_src_epoch_100.sh Sun Aug 2 11:53:15 EDT 2020
    batch_alt08.arl.army.mil_v0.sh Sun Aug 2 11:53:15 EDT 2020
          spc_1_src_epoch_100_tr_set_a Sun Aug 2 11:53:15 EDT 2020
          spc_1_src_epoch_100_tr_set_b Sun Aug 2 12:17:07 EDT 2020
          spc_1_src_epoch_100_tr_set_c Sun Aug 2 12:40:59 EDT 2020
    batch_alt09.arl.army.mil_v0.sh Sun Aug 2 13:05:08 EDT 2020
          spc_1_src_epoch_100_tr_set_a Sun Aug 2 13:05:08 EDT 2020
          spc_1_src_epoch_100_tr_set_b Sun Aug 2 13:28:47 EDT 2020
          spc_1_src_epoch_100_tr_set_c Sun Aug 2 13:53:00 EDT 2020
    batch_alt10.arl.army.mil_v0.sh Sun Aug 2 14:17:10 EDT 2020
          spc_1_src_epoch_100_tr_set_a Sun Aug 2 14:17:11 EDT 2020
          spc_1_src_epoch_100_tr_set_b Sun Aug 2 14:41:00 EDT 2020
          spc_1_src_epoch_100_tr_set_c Sun Aug 2 15:05:01 EDT 2020
  batch_src_epoch_110.sh Sun Aug 2 15:28:54 EDT 2020
    batch_alt08.arl.army.mil_v0.sh Sun Aug 2 15:28:54 EDT 2020
          spc_1_src_epoch_110_tr_set_a Sun Aug 2 15:28:54 EDT 2020
          spc_1_src_epoch_110_tr_set_b Sun Aug 2 15:52:48 EDT 2020
          spc_1_src_epoch_110_tr_set_c Sun Aug 2 16:16:50 EDT 2020
    batch_alt09.arl.army.mil_v0.sh Sun Aug 2 16:40:27 EDT 2020
          spc_1_src_epoch_110_tr_set_a Sun Aug 2 16:40:27 EDT 2020
          spc_1_src_epoch_110_tr_set_b Sun Aug 2 17:03:35 EDT 2020
          spc_1_src_epoch_110_tr_set_c Sun Aug 2 17:27:21 EDT 2020
    batch_alt10.arl.army.mil_v0.sh Sun Aug 2 17:51:11 EDT 2020
          spc_1_src_epoch_110_tr_set_a Sun Aug 2 17:51:11 EDT 2020
          spc_1_src_epoch_110_tr_set_b Sun Aug 2 18:14:55 EDT 2020
          spc_1_src_epoch_110_tr_set_c Sun Aug 2 18:38:51 EDT 2020
  batch_src_epoch_120.sh Sun Aug 2 19:02:37 EDT 2020
    batch_alt08.arl.army.mil_v0.sh Sun Aug 2 19:02:37 EDT 2020
          spc_1_src_epoch_120_tr_set_a Sun Aug 2 19:02:37 EDT 2020
          spc_1_src_epoch_120_tr_set_b Sun Aug 2 19:26:22 EDT 2020
          spc_1_src_epoch_120_tr_set_c Sun Aug 2 19:50:00 EDT 2020
    batch_alt09.arl.army.mil_v0.sh Sun Aug 2 20:13:46 EDT 2020
          spc_1_src_epoch_120_tr_set_a Sun Aug 2 20:13:46 EDT 2020
          spc_1_src_epoch_120_tr_set_b Sun Aug 2 20:37:48 EDT 2020
          spc_1_src_epoch_120_tr_set_c Sun Aug 2 21:01:57 EDT 2020
    batch_alt10.arl.army.mil_v0.sh Sun Aug 2 21:25:54 EDT 2020
          spc_1_src_epoch_120_tr_set_a Sun Aug 2 21:25:54 EDT 2020
          spc_1_src_epoch_120_tr_set_b Sun Aug 2 21:49:41 EDT 2020
          spc_1_src_epoch_120_tr_set_c Sun Aug 2 22:13:50 EDT 2020
  batch_src_epoch_130.sh Sun Aug 2 22:37:23 EDT 2020
    batch_alt08.arl.army.mil_v0.sh Sun Aug 2 22:37:23 EDT 2020
          spc_1_src_epoch_130_tr_set_a Sun Aug 2 22:37:23 EDT 2020
          spc_1_src_epoch_130_tr_set_b Sun Aug 2 23:00:57 EDT 2020
          spc_1_src_epoch_130_tr_set_c Sun Aug 2 23:24:31 EDT 2020
    batch_alt09.arl.army.mil_v0.sh Sun Aug 2 23:48:15 EDT 2020
          spc_1_src_epoch_130_tr_set_a Sun Aug 2 23:48:15 EDT 2020
          spc_1_src_epoch_130_tr_set_b Mon Aug 3 00:12:04 EDT 2020
          spc_1_src_epoch_130_tr_set_c Mon Aug 3 00:35:40 EDT 2020
    batch_alt10.arl.army.mil_v0.sh Mon Aug 3 00:59:34 EDT 2020
          spc_1_src_epoch_130_tr_set_a Mon Aug 3 00:59:35 EDT 2020
          spc_1_src_epoch_130_tr_set_b Mon Aug 3 01:23:42 EDT 2020
          spc_1_src_epoch_130_tr_set_c Mon Aug 3 01:47:16 EDT 2020
  batch_src_epoch_140.sh Mon Aug 3 02:10:53 EDT 2020
    batch_alt08.arl.army.mil_v0.sh Mon Aug 3 02:10:53 EDT 2020
          spc_1_src_epoch_140_tr_set_a Mon Aug 3 02:10:53 EDT 2020
          spc_1_src_epoch_140_tr_set_b Mon Aug 3 02:34:34 EDT 2020
          spc_1_src_epoch_140_tr_set_c Mon Aug 3 02:58:04 EDT 2020
    batch_alt09.arl.army.mil_v0.sh Mon Aug 3 03:21:34 EDT 2020
          spc_1_src_epoch_140_tr_set_a Mon Aug 3 03:21:34 EDT 2020
          spc_1_src_epoch_140_tr_set_b Mon Aug 3 03:45:12 EDT 2020
          spc_1_src_epoch_140_tr_set_c Mon Aug 3 04:08:55 EDT 2020
    batch_alt10.arl.army.mil_v0.sh Mon Aug 3 04:32:30 EDT 2020
          spc_1_src_epoch_140_tr_set_a Mon Aug 3 04:32:30 EDT 2020
          spc_1_src_epoch_140_tr_set_b Mon Aug 3 04:55:58 EDT 2020
          spc_1_src_epoch_140_tr_set_c Mon Aug 3 05:19:31 EDT 2020
  batch_src_epoch_150.sh Mon Aug 3 05:43:09 EDT 2020
    batch_alt08.arl.army.mil_v0.sh Mon Aug 3 05:43:09 EDT 2020
          spc_1_src_epoch_150_tr_set_a Mon Aug 3 05:43:09 EDT 2020
          spc_1_src_epoch_150_tr_set_b Mon Aug 3 06:06:36 EDT 2020
          spc_1_src_epoch_150_tr_set_c Mon Aug 3 06:30:08 EDT 2020
    batch_alt09.arl.army.mil_v0.sh Mon Aug 3 06:54:02 EDT 2020
          spc_1_src_epoch_150_tr_set_a Mon Aug 3 06:54:02 EDT 2020
          spc_1_src_epoch_150_tr_set_b Mon Aug 3 07:17:32 EDT 2020
          spc_1_src_epoch_150_tr_set_c Mon Aug 3 07:41:00 EDT 2020
    batch_alt10.arl.army.mil_v0.sh Mon Aug 3 08:04:39 EDT 2020
          spc_1_src_epoch_150_tr_set_a Mon Aug 3 08:04:39 EDT 2020
          spc_1_src_epoch_150_tr_set_b Mon Aug 3 08:28:13 EDT 2020
          spc_1_src_epoch_150_tr_set_c Mon Aug 3 08:51:47 EDT 2020
  batch_src_epoch_160.sh Mon Aug 3 09:15:31 EDT 2020
    batch_alt08.arl.army.mil_v0.sh Mon Aug 3 09:15:31 EDT 2020
          spc_1_src_epoch_160_tr_set_a Mon Aug 3 09:15:31 EDT 2020
          spc_1_src_epoch_160_tr_set_b Mon Aug 3 09:39:10 EDT 2020
          spc_1_src_epoch_160_tr_set_c Mon Aug 3 10:02:38 EDT 2020
    batch_alt09.arl.army.mil_v0.sh Mon Aug 3 10:26:15 EDT 2020
          spc_1_src_epoch_160_tr_set_a Mon Aug 3 10:26:15 EDT 2020
          spc_1_src_epoch_160_tr_set_b Mon Aug 3 10:49:47 EDT 2020
          spc_1_src_epoch_160_tr_set_c Mon Aug 3 11:13:17 EDT 2020
    batch_alt10.arl.army.mil_v0.sh Mon Aug 3 11:36:44 EDT 2020
          spc_1_src_epoch_160_tr_set_a Mon Aug 3 11:36:44 EDT 2020
          spc_1_src_epoch_160_tr_set_b Mon Aug 3 11:59:40 EDT 2020
          spc_1_src_epoch_160_tr_set_c Mon Aug 3 12:23:05 EDT 2020
  batch_src_epoch_170.sh Mon Aug 3 12:46:44 EDT 2020
    batch_alt08.arl.army.mil_v0.sh Mon Aug 3 12:46:44 EDT 2020
          spc_1_src_epoch_170_tr_set_a Mon Aug 3 12:46:44 EDT 2020
          spc_1_src_epoch_170_tr_set_b Mon Aug 3 13:10:14 EDT 2020
          spc_1_src_epoch_170_tr_set_c Mon Aug 3 13:33:56 EDT 2020
    batch_alt09.arl.army.mil_v0.sh Mon Aug 3 13:57:33 EDT 2020
          spc_1_src_epoch_170_tr_set_a Mon Aug 3 13:57:33 EDT 2020
          spc_1_src_epoch_170_tr_set_b Mon Aug 3 14:21:16 EDT 2020
          spc_1_src_epoch_170_tr_set_c Mon Aug 3 14:44:45 EDT 2020
    batch_alt10.arl.army.mil_v0.sh Mon Aug 3 15:08:14 EDT 2020
          spc_1_src_epoch_170_tr_set_a Mon Aug 3 15:08:14 EDT 2020
          spc_1_src_epoch_170_tr_set_b Mon Aug 3 15:31:45 EDT 2020
          spc_1_src_epoch_170_tr_set_c Mon Aug 3 15:55:07 EDT 2020
  batch_src_epoch_180.sh Mon Aug 3 16:18:40 EDT 2020
    batch_alt08.arl.army.mil_v0.sh Mon Aug 3 16:18:40 EDT 2020
          spc_1_src_epoch_180_tr_set_a Mon Aug 3 16:18:40 EDT 2020
          spc_1_src_epoch_180_tr_set_b Mon Aug 3 16:42:01 EDT 2020
          spc_1_src_epoch_180_tr_set_c Mon Aug 3 17:05:32 EDT 2020
    batch_alt09.arl.army.mil_v0.sh Mon Aug 3 17:29:34 EDT 2020
          spc_1_src_epoch_180_tr_set_a Mon Aug 3 17:29:34 EDT 2020
          spc_1_src_epoch_180_tr_set_b Mon Aug 3 17:52:58 EDT 2020
          spc_1_src_epoch_180_tr_set_c Mon Aug 3 18:16:25 EDT 2020
    batch_alt10.arl.army.mil_v0.sh Mon Aug 3 18:39:43 EDT 2020
          spc_1_src_epoch_180_tr_set_a Mon Aug 3 18:39:43 EDT 2020
          spc_1_src_epoch_180_tr_set_b Mon Aug 3 19:02:51 EDT 2020
          spc_1_src_epoch_180_tr_set_c Mon Aug 3 19:26:19 EDT 2020
  batch_src_epoch_190.sh Mon Aug 3 19:49:57 EDT 2020
    batch_alt08.arl.army.mil_v0.sh Mon Aug 3 19:49:57 EDT 2020
          spc_1_src_epoch_190_tr_set_a Mon Aug 3 19:49:57 EDT 2020
          spc_1_src_epoch_190_tr_set_b Mon Aug 3 20:13:21 EDT 2020
          spc_1_src_epoch_190_tr_set_c Mon Aug 3 20:36:52 EDT 2020
    batch_alt09.arl.army.mil_v0.sh Mon Aug 3 21:00:34 EDT 2020
          spc_1_src_epoch_190_tr_set_a Mon Aug 3 21:00:34 EDT 2020
          spc_1_src_epoch_190_tr_set_b Mon Aug 3 21:24:22 EDT 2020
          spc_1_src_epoch_190_tr_set_c Mon Aug 3 21:47:59 EDT 2020
    batch_alt10.arl.army.mil_v0.sh Mon Aug 3 22:11:20 EDT 2020
          spc_1_src_epoch_190_tr_set_a Mon Aug 3 22:11:20 EDT 2020
          spc_1_src_epoch_190_tr_set_b Mon Aug 3 22:34:42 EDT 2020
          spc_1_src_epoch_190_tr_set_c Mon Aug 3 22:58:15 EDT 2020
  batch_src_epoch_200.sh Mon Aug 3 23:21:40 EDT 2020
    batch_alt08.arl.army.mil_v0.sh Mon Aug 3 23:21:40 EDT 2020
          spc_1_src_epoch_200_tr_set_a Mon Aug 3 23:21:40 EDT 2020
          spc_1_src_epoch_200_tr_set_b Mon Aug 3 23:45:15 EDT 2020
          spc_1_src_epoch_200_tr_set_c Tue Aug 4 00:08:38 EDT 2020
    batch_alt09.arl.army.mil_v0.sh Tue Aug 4 00:32:08 EDT 2020
          spc_1_src_epoch_200_tr_set_a Tue Aug 4 00:32:08 EDT 2020
          spc_1_src_epoch_200_tr_set_b Tue Aug 4 00:55:42 EDT 2020
          spc_1_src_epoch_200_tr_set_c Tue Aug 4 01:19:13 EDT 2020
    batch_alt10.arl.army.mil_v0.sh Tue Aug 4 01:41:46 EDT 2020
          spc_1_src_epoch_200_tr_set_a Tue Aug 4 01:41:46 EDT 2020
          spc_1_src_epoch_200_tr_set_b Tue Aug 4 02:04:40 EDT 2020
          spc_1_src_epoch_200_tr_set_c Tue Aug 4 02:28:19 EDT 2020
  batch_src_epoch_best.sh Tue Aug 4 02:51:49 EDT 2020
    batch_alt08.arl.army.mil_v0.sh Tue Aug 4 02:51:50 EDT 2020
          spc_1_src_epoch_best_tr_set_a Tue Aug 4 02:51:50 EDT 2020
          spc_1_src_epoch_best_tr_set_b Tue Aug 4 03:14:55 EDT 2020
          spc_1_src_epoch_best_tr_set_c Tue Aug 4 03:38:24 EDT 2020
    batch_alt09.arl.army.mil_v0.sh Tue Aug 4 04:02:01 EDT 2020
          spc_1_src_epoch_best_tr_set_a Tue Aug 4 04:02:01 EDT 2020
          spc_1_src_epoch_best_tr_set_b Tue Aug 4 04:24:35 EDT 2020
          spc_1_src_epoch_best_tr_set_c Tue Aug 4 04:48:16 EDT 2020
    batch_alt10.arl.army.mil_v0.sh Tue Aug 4 05:11:56 EDT 2020
          spc_1_src_epoch_best_tr_set_a Tue Aug 4 05:11:56 EDT 2020
          spc_1_src_epoch_best_tr_set_b Tue Aug 4 05:35:31 EDT 2020
          spc_1_src_epoch_best_tr_set_c Tue Aug 4 05:58:24 EDT 2020
