./execute_expts/opt_tfer_expts/cifar_100_living_notliving_expts/wide_resnet_28_10_arch/tfer_nets/spc_10/batch_spc_10.sh Mon Aug 3 20:10:24 EDT 2020
  batch_src_epoch_0.sh Mon Aug 3 20:10:25 EDT 2020
    batch_alt08.arl.army.mil_v0.sh Mon Aug 3 20:10:25 EDT 2020
          spc_10_src_epoch_0_tr_set_a Mon Aug 3 20:10:25 EDT 2020
          spc_10_src_epoch_0_tr_set_b Mon Aug 3 20:41:49 EDT 2020
          spc_10_src_epoch_0_tr_set_c Mon Aug 3 21:12:15 EDT 2020
    batch_alt09.arl.army.mil_v0.sh Mon Aug 3 21:43:13 EDT 2020
          spc_10_src_epoch_0_tr_set_a Mon Aug 3 21:43:13 EDT 2020
          spc_10_src_epoch_0_tr_set_b Mon Aug 3 22:13:40 EDT 2020
          spc_10_src_epoch_0_tr_set_c Mon Aug 3 22:44:45 EDT 2020
    batch_alt10.arl.army.mil_v0.sh Mon Aug 3 23:15:49 EDT 2020
          spc_10_src_epoch_0_tr_set_a Mon Aug 3 23:15:49 EDT 2020
          spc_10_src_epoch_0_tr_set_b Mon Aug 3 23:46:46 EDT 2020
          spc_10_src_epoch_0_tr_set_c Tue Aug 4 00:17:37 EDT 2020
  batch_src_epoch_10.sh Tue Aug 4 00:48:39 EDT 2020
    batch_alt08.arl.army.mil_v0.sh Tue Aug 4 00:48:39 EDT 2020
          spc_10_src_epoch_10_tr_set_a Tue Aug 4 00:48:39 EDT 2020
          spc_10_src_epoch_10_tr_set_b Tue Aug 4 01:18:47 EDT 2020
          spc_10_src_epoch_10_tr_set_c Tue Aug 4 01:49:05 EDT 2020
    batch_alt09.arl.army.mil_v0.sh Tue Aug 4 02:18:50 EDT 2020
          spc_10_src_epoch_10_tr_set_a Tue Aug 4 02:18:50 EDT 2020
          spc_10_src_epoch_10_tr_set_b Tue Aug 4 02:49:34 EDT 2020
          spc_10_src_epoch_10_tr_set_c Tue Aug 4 03:19:44 EDT 2020
    batch_alt10.arl.army.mil_v0.sh Tue Aug 4 03:49:41 EDT 2020
          spc_10_src_epoch_10_tr_set_a Tue Aug 4 03:49:41 EDT 2020
          spc_10_src_epoch_10_tr_set_b Tue Aug 4 04:19:44 EDT 2020
          spc_10_src_epoch_10_tr_set_c Tue Aug 4 04:50:05 EDT 2020
  batch_src_epoch_20.sh Tue Aug 4 05:20:03 EDT 2020
    batch_alt08.arl.army.mil_v0.sh Tue Aug 4 05:20:03 EDT 2020
          spc_10_src_epoch_20_tr_set_a Tue Aug 4 05:20:03 EDT 2020
          spc_10_src_epoch_20_tr_set_b Tue Aug 4 05:49:56 EDT 2020
          spc_10_src_epoch_20_tr_set_c Tue Aug 4 06:19:46 EDT 2020
    batch_alt09.arl.army.mil_v0.sh Tue Aug 4 06:49:24 EDT 2020
          spc_10_src_epoch_20_tr_set_a Tue Aug 4 06:49:24 EDT 2020
          spc_10_src_epoch_20_tr_set_b Tue Aug 4 07:19:15 EDT 2020
          spc_10_src_epoch_20_tr_set_c Tue Aug 4 07:49:12 EDT 2020
    batch_alt10.arl.army.mil_v0.sh Tue Aug 4 08:20:02 EDT 2020
          spc_10_src_epoch_20_tr_set_a Tue Aug 4 08:20:02 EDT 2020
          spc_10_src_epoch_20_tr_set_b Tue Aug 4 08:50:03 EDT 2020
          spc_10_src_epoch_20_tr_set_c Tue Aug 4 09:19:38 EDT 2020
  batch_src_epoch_30.sh Tue Aug 4 09:49:27 EDT 2020
    batch_alt08.arl.army.mil_v0.sh Tue Aug 4 09:49:27 EDT 2020
          spc_10_src_epoch_30_tr_set_a Tue Aug 4 09:49:27 EDT 2020
          spc_10_src_epoch_30_tr_set_b Tue Aug 4 10:19:32 EDT 2020
          spc_10_src_epoch_30_tr_set_c Tue Aug 4 10:49:11 EDT 2020
    batch_alt09.arl.army.mil_v0.sh Tue Aug 4 11:19:01 EDT 2020
          spc_10_src_epoch_30_tr_set_a Tue Aug 4 11:19:01 EDT 2020
          spc_10_src_epoch_30_tr_set_b Tue Aug 4 11:48:55 EDT 2020
          spc_10_src_epoch_30_tr_set_c Tue Aug 4 12:18:54 EDT 2020
    batch_alt10.arl.army.mil_v0.sh Tue Aug 4 12:48:53 EDT 2020
          spc_10_src_epoch_30_tr_set_a Tue Aug 4 12:48:53 EDT 2020
          spc_10_src_epoch_30_tr_set_b Tue Aug 4 13:19:01 EDT 2020
          spc_10_src_epoch_30_tr_set_c Tue Aug 4 13:48:51 EDT 2020
  batch_src_epoch_40.sh Tue Aug 4 14:18:33 EDT 2020
    batch_alt08.arl.army.mil_v0.sh Tue Aug 4 14:18:33 EDT 2020
          spc_10_src_epoch_40_tr_set_a Tue Aug 4 14:18:33 EDT 2020
          spc_10_src_epoch_40_tr_set_b Tue Aug 4 14:48:36 EDT 2020
          spc_10_src_epoch_40_tr_set_c Tue Aug 4 15:18:09 EDT 2020
    batch_alt09.arl.army.mil_v0.sh Tue Aug 4 15:47:49 EDT 2020
          spc_10_src_epoch_40_tr_set_a Tue Aug 4 15:47:49 EDT 2020
          spc_10_src_epoch_40_tr_set_b Tue Aug 4 16:17:39 EDT 2020
          spc_10_src_epoch_40_tr_set_c Tue Aug 4 16:47:28 EDT 2020
    batch_alt10.arl.army.mil_v0.sh Tue Aug 4 17:17:33 EDT 2020
          spc_10_src_epoch_40_tr_set_a Tue Aug 4 17:17:33 EDT 2020
          spc_10_src_epoch_40_tr_set_b Tue Aug 4 17:47:06 EDT 2020
          spc_10_src_epoch_40_tr_set_c Tue Aug 4 18:17:05 EDT 2020
  batch_src_epoch_50.sh Tue Aug 4 18:46:45 EDT 2020
    batch_alt08.arl.army.mil_v0.sh Tue Aug 4 18:46:45 EDT 2020
          spc_10_src_epoch_50_tr_set_a Tue Aug 4 18:46:45 EDT 2020
          spc_10_src_epoch_50_tr_set_b Tue Aug 4 19:16:33 EDT 2020
          spc_10_src_epoch_50_tr_set_c Tue Aug 4 19:46:21 EDT 2020
    batch_alt09.arl.army.mil_v0.sh Tue Aug 4 20:16:14 EDT 2020
          spc_10_src_epoch_50_tr_set_a Tue Aug 4 20:16:14 EDT 2020
          spc_10_src_epoch_50_tr_set_b Tue Aug 4 20:46:09 EDT 2020
          spc_10_src_epoch_50_tr_set_c Tue Aug 4 21:15:50 EDT 2020
    batch_alt10.arl.army.mil_v0.sh Tue Aug 4 21:45:38 EDT 2020
          spc_10_src_epoch_50_tr_set_a Tue Aug 4 21:45:38 EDT 2020
          spc_10_src_epoch_50_tr_set_b Tue Aug 4 22:15:37 EDT 2020
          spc_10_src_epoch_50_tr_set_c Tue Aug 4 22:45:27 EDT 2020
  batch_src_epoch_60.sh Tue Aug 4 23:15:08 EDT 2020
    batch_alt08.arl.army.mil_v0.sh Tue Aug 4 23:15:08 EDT 2020
          spc_10_src_epoch_60_tr_set_a Tue Aug 4 23:15:08 EDT 2020
          spc_10_src_epoch_60_tr_set_b Tue Aug 4 23:45:09 EDT 2020
          spc_10_src_epoch_60_tr_set_c Wed Aug 5 00:14:42 EDT 2020
    batch_alt09.arl.army.mil_v0.sh Wed Aug 5 00:44:26 EDT 2020
          spc_10_src_epoch_60_tr_set_a Wed Aug 5 00:44:26 EDT 2020
          spc_10_src_epoch_60_tr_set_b Wed Aug 5 01:14:56 EDT 2020
          spc_10_src_epoch_60_tr_set_c Wed Aug 5 01:44:40 EDT 2020
    batch_alt10.arl.army.mil_v0.sh Wed Aug 5 02:14:33 EDT 2020
          spc_10_src_epoch_60_tr_set_a Wed Aug 5 02:14:33 EDT 2020
          spc_10_src_epoch_60_tr_set_b Wed Aug 5 02:44:10 EDT 2020
          spc_10_src_epoch_60_tr_set_c Wed Aug 5 03:13:39 EDT 2020
  batch_src_epoch_70.sh Wed Aug 5 03:43:40 EDT 2020
    batch_alt08.arl.army.mil_v0.sh Wed Aug 5 03:43:40 EDT 2020
          spc_10_src_epoch_70_tr_set_a Wed Aug 5 03:43:40 EDT 2020
          spc_10_src_epoch_70_tr_set_b Wed Aug 5 04:14:33 EDT 2020
          spc_10_src_epoch_70_tr_set_c Wed Aug 5 04:44:01 EDT 2020
    batch_alt09.arl.army.mil_v0.sh Wed Aug 5 05:13:31 EDT 2020
          spc_10_src_epoch_70_tr_set_a Wed Aug 5 05:13:31 EDT 2020
          spc_10_src_epoch_70_tr_set_b Wed Aug 5 05:43:20 EDT 2020
          spc_10_src_epoch_70_tr_set_c Wed Aug 5 06:12:45 EDT 2020
    batch_alt10.arl.army.mil_v0.sh Wed Aug 5 06:42:07 EDT 2020
          spc_10_src_epoch_70_tr_set_a Wed Aug 5 06:42:07 EDT 2020
          spc_10_src_epoch_70_tr_set_b Wed Aug 5 07:11:46 EDT 2020
          spc_10_src_epoch_70_tr_set_c Wed Aug 5 07:41:30 EDT 2020
  batch_src_epoch_80.sh Wed Aug 5 08:11:42 EDT 2020
    batch_alt08.arl.army.mil_v0.sh Wed Aug 5 08:11:42 EDT 2020
          spc_10_src_epoch_80_tr_set_a Wed Aug 5 08:11:42 EDT 2020
          spc_10_src_epoch_80_tr_set_b Wed Aug 5 08:41:31 EDT 2020
          spc_10_src_epoch_80_tr_set_c Wed Aug 5 09:12:11 EDT 2020
    batch_alt09.arl.army.mil_v0.sh Wed Aug 5 09:41:51 EDT 2020
          spc_10_src_epoch_80_tr_set_a Wed Aug 5 09:41:51 EDT 2020
          spc_10_src_epoch_80_tr_set_b Wed Aug 5 10:11:29 EDT 2020
          spc_10_src_epoch_80_tr_set_c Wed Aug 5 10:41:06 EDT 2020
    batch_alt10.arl.army.mil_v0.sh Wed Aug 5 11:10:22 EDT 2020
          spc_10_src_epoch_80_tr_set_a Wed Aug 5 11:10:22 EDT 2020
          spc_10_src_epoch_80_tr_set_b Wed Aug 5 11:39:59 EDT 2020
          spc_10_src_epoch_80_tr_set_c Wed Aug 5 12:09:29 EDT 2020
  batch_src_epoch_90.sh Wed Aug 5 12:39:10 EDT 2020
    batch_alt08.arl.army.mil_v0.sh Wed Aug 5 12:39:10 EDT 2020
          spc_10_src_epoch_90_tr_set_a Wed Aug 5 12:39:10 EDT 2020
          spc_10_src_epoch_90_tr_set_b Wed Aug 5 13:08:32 EDT 2020
          spc_10_src_epoch_90_tr_set_c Wed Aug 5 13:37:43 EDT 2020
    batch_alt09.arl.army.mil_v0.sh Wed Aug 5 14:06:58 EDT 2020
          spc_10_src_epoch_90_tr_set_a Wed Aug 5 14:06:58 EDT 2020
          spc_10_src_epoch_90_tr_set_b Wed Aug 5 14:36:18 EDT 2020
          spc_10_src_epoch_90_tr_set_c Wed Aug 5 15:05:35 EDT 2020
    batch_alt10.arl.army.mil_v0.sh Wed Aug 5 15:35:18 EDT 2020
          spc_10_src_epoch_90_tr_set_a Wed Aug 5 15:35:18 EDT 2020
          spc_10_src_epoch_90_tr_set_b Wed Aug 5 16:04:25 EDT 2020
          spc_10_src_epoch_90_tr_set_c Wed Aug 5 16:33:48 EDT 2020
  batch_src_epoch_100.sh Wed Aug 5 17:03:12 EDT 2020
    batch_alt08.arl.army.mil_v0.sh Wed Aug 5 17:03:12 EDT 2020
          spc_10_src_epoch_100_tr_set_a Wed Aug 5 17:03:12 EDT 2020
          spc_10_src_epoch_100_tr_set_b Wed Aug 5 17:32:50 EDT 2020
          spc_10_src_epoch_100_tr_set_c Wed Aug 5 18:02:18 EDT 2020
    batch_alt09.arl.army.mil_v0.sh Wed Aug 5 18:31:47 EDT 2020
          spc_10_src_epoch_100_tr_set_a Wed Aug 5 18:31:47 EDT 2020
          spc_10_src_epoch_100_tr_set_b Wed Aug 5 19:01:27 EDT 2020
          spc_10_src_epoch_100_tr_set_c Wed Aug 5 19:31:41 EDT 2020
    batch_alt10.arl.army.mil_v0.sh Wed Aug 5 20:01:08 EDT 2020
          spc_10_src_epoch_100_tr_set_a Wed Aug 5 20:01:08 EDT 2020
          spc_10_src_epoch_100_tr_set_b Wed Aug 5 20:30:36 EDT 2020
          spc_10_src_epoch_100_tr_set_c Wed Aug 5 21:00:09 EDT 2020
  batch_src_epoch_110.sh Wed Aug 5 21:30:44 EDT 2020
    batch_alt08.arl.army.mil_v0.sh Wed Aug 5 21:30:44 EDT 2020
          spc_10_src_epoch_110_tr_set_a Wed Aug 5 21:30:44 EDT 2020
          spc_10_src_epoch_110_tr_set_b Wed Aug 5 21:59:54 EDT 2020
          spc_10_src_epoch_110_tr_set_c Wed Aug 5 22:29:21 EDT 2020
    batch_alt09.arl.army.mil_v0.sh Wed Aug 5 22:58:59 EDT 2020
          spc_10_src_epoch_110_tr_set_a Wed Aug 5 22:58:59 EDT 2020
          spc_10_src_epoch_110_tr_set_b Wed Aug 5 23:28:28 EDT 2020
          spc_10_src_epoch_110_tr_set_c Wed Aug 5 23:57:57 EDT 2020
    batch_alt10.arl.army.mil_v0.sh Thu Aug 6 00:28:15 EDT 2020
          spc_10_src_epoch_110_tr_set_a Thu Aug 6 00:28:15 EDT 2020
          spc_10_src_epoch_110_tr_set_b Thu Aug 6 00:57:54 EDT 2020
          spc_10_src_epoch_110_tr_set_c Thu Aug 6 01:27:45 EDT 2020
  batch_src_epoch_120.sh Thu Aug 6 01:57:03 EDT 2020
    batch_alt08.arl.army.mil_v0.sh Thu Aug 6 01:57:03 EDT 2020
          spc_10_src_epoch_120_tr_set_a Thu Aug 6 01:57:03 EDT 2020
          spc_10_src_epoch_120_tr_set_b Thu Aug 6 02:26:28 EDT 2020
          spc_10_src_epoch_120_tr_set_c Thu Aug 6 02:55:53 EDT 2020
    batch_alt09.arl.army.mil_v0.sh Thu Aug 6 03:25:25 EDT 2020
          spc_10_src_epoch_120_tr_set_a Thu Aug 6 03:25:25 EDT 2020
          spc_10_src_epoch_120_tr_set_b Thu Aug 6 03:54:47 EDT 2020
          spc_10_src_epoch_120_tr_set_c Thu Aug 6 04:24:00 EDT 2020
    batch_alt10.arl.army.mil_v0.sh Thu Aug 6 04:53:19 EDT 2020
          spc_10_src_epoch_120_tr_set_a Thu Aug 6 04:53:19 EDT 2020
          spc_10_src_epoch_120_tr_set_b Thu Aug 6 05:22:39 EDT 2020
          spc_10_src_epoch_120_tr_set_c Thu Aug 6 05:52:17 EDT 2020
  batch_src_epoch_130.sh Thu Aug 6 06:21:51 EDT 2020
    batch_alt08.arl.army.mil_v0.sh Thu Aug 6 06:21:51 EDT 2020
          spc_10_src_epoch_130_tr_set_a Thu Aug 6 06:21:51 EDT 2020
          spc_10_src_epoch_130_tr_set_b Thu Aug 6 06:51:47 EDT 2020
          spc_10_src_epoch_130_tr_set_c Thu Aug 6 07:21:26 EDT 2020
    batch_alt09.arl.army.mil_v0.sh Thu Aug 6 07:51:17 EDT 2020
          spc_10_src_epoch_130_tr_set_a Thu Aug 6 07:51:17 EDT 2020
          spc_10_src_epoch_130_tr_set_b Thu Aug 6 08:20:54 EDT 2020
          spc_10_src_epoch_130_tr_set_c Thu Aug 6 08:50:03 EDT 2020
    batch_alt10.arl.army.mil_v0.sh Thu Aug 6 09:18:50 EDT 2020
          spc_10_src_epoch_130_tr_set_a Thu Aug 6 09:18:50 EDT 2020
          spc_10_src_epoch_130_tr_set_b Thu Aug 6 09:48:18 EDT 2020
          spc_10_src_epoch_130_tr_set_c Thu Aug 6 10:17:57 EDT 2020
  batch_src_epoch_140.sh Thu Aug 6 10:48:18 EDT 2020
    batch_alt08.arl.army.mil_v0.sh Thu Aug 6 10:48:18 EDT 2020
          spc_10_src_epoch_140_tr_set_a Thu Aug 6 10:48:18 EDT 2020
          spc_10_src_epoch_140_tr_set_b Thu Aug 6 11:18:22 EDT 2020
          spc_10_src_epoch_140_tr_set_c Thu Aug 6 11:48:06 EDT 2020
    batch_alt09.arl.army.mil_v0.sh Thu Aug 6 12:16:47 EDT 2020
          spc_10_src_epoch_140_tr_set_a Thu Aug 6 12:16:47 EDT 2020
          spc_10_src_epoch_140_tr_set_b Thu Aug 6 12:46:05 EDT 2020
          spc_10_src_epoch_140_tr_set_c Thu Aug 6 13:15:50 EDT 2020
    batch_alt10.arl.army.mil_v0.sh Thu Aug 6 13:45:02 EDT 2020
          spc_10_src_epoch_140_tr_set_a Thu Aug 6 13:45:02 EDT 2020
          spc_10_src_epoch_140_tr_set_b Thu Aug 6 14:14:31 EDT 2020
          spc_10_src_epoch_140_tr_set_c Thu Aug 6 14:44:10 EDT 2020
  batch_src_epoch_150.sh Thu Aug 6 15:13:51 EDT 2020
    batch_alt08.arl.army.mil_v0.sh Thu Aug 6 15:13:51 EDT 2020
          spc_10_src_epoch_150_tr_set_a Thu Aug 6 15:13:51 EDT 2020
          spc_10_src_epoch_150_tr_set_b Thu Aug 6 15:42:47 EDT 2020
          spc_10_src_epoch_150_tr_set_c Thu Aug 6 16:12:19 EDT 2020
    batch_alt09.arl.army.mil_v0.sh Thu Aug 6 16:41:49 EDT 2020
          spc_10_src_epoch_150_tr_set_a Thu Aug 6 16:41:49 EDT 2020
          spc_10_src_epoch_150_tr_set_b Thu Aug 6 17:10:31 EDT 2020
          spc_10_src_epoch_150_tr_set_c Thu Aug 6 17:39:20 EDT 2020
    batch_alt10.arl.army.mil_v0.sh Thu Aug 6 18:08:08 EDT 2020
          spc_10_src_epoch_150_tr_set_a Thu Aug 6 18:08:08 EDT 2020
          spc_10_src_epoch_150_tr_set_b Thu Aug 6 18:36:37 EDT 2020
          spc_10_src_epoch_150_tr_set_c Thu Aug 6 19:07:04 EDT 2020
  batch_src_epoch_160.sh Thu Aug 6 19:35:45 EDT 2020
    batch_alt08.arl.army.mil_v0.sh Thu Aug 6 19:35:45 EDT 2020
          spc_10_src_epoch_160_tr_set_a Thu Aug 6 19:35:45 EDT 2020
          spc_10_src_epoch_160_tr_set_b Thu Aug 6 20:05:19 EDT 2020
          spc_10_src_epoch_160_tr_set_c Thu Aug 6 20:34:40 EDT 2020
    batch_alt09.arl.army.mil_v0.sh Thu Aug 6 21:03:41 EDT 2020
          spc_10_src_epoch_160_tr_set_a Thu Aug 6 21:03:41 EDT 2020
          spc_10_src_epoch_160_tr_set_b Thu Aug 6 21:34:04 EDT 2020
          spc_10_src_epoch_160_tr_set_c Thu Aug 6 22:02:59 EDT 2020
    batch_alt10.arl.army.mil_v0.sh Thu Aug 6 22:32:36 EDT 2020
          spc_10_src_epoch_160_tr_set_a Thu Aug 6 22:32:36 EDT 2020
          spc_10_src_epoch_160_tr_set_b Thu Aug 6 23:02:19 EDT 2020
          spc_10_src_epoch_160_tr_set_c Thu Aug 6 23:31:39 EDT 2020
  batch_src_epoch_170.sh Fri Aug 7 00:00:15 EDT 2020
    batch_alt08.arl.army.mil_v0.sh Fri Aug 7 00:00:15 EDT 2020
          spc_10_src_epoch_170_tr_set_a Fri Aug 7 00:00:15 EDT 2020
          spc_10_src_epoch_170_tr_set_b Fri Aug 7 00:30:01 EDT 2020
          spc_10_src_epoch_170_tr_set_c Fri Aug 7 01:00:27 EDT 2020
    batch_alt09.arl.army.mil_v0.sh Fri Aug 7 01:30:12 EDT 2020
          spc_10_src_epoch_170_tr_set_a Fri Aug 7 01:30:12 EDT 2020
          spc_10_src_epoch_170_tr_set_b Fri Aug 7 02:00:11 EDT 2020
          spc_10_src_epoch_170_tr_set_c Fri Aug 7 02:29:53 EDT 2020
    batch_alt10.arl.army.mil_v0.sh Fri Aug 7 02:59:17 EDT 2020
          spc_10_src_epoch_170_tr_set_a Fri Aug 7 02:59:17 EDT 2020
          spc_10_src_epoch_170_tr_set_b Fri Aug 7 03:29:16 EDT 2020
          spc_10_src_epoch_170_tr_set_c Fri Aug 7 03:59:21 EDT 2020
  batch_src_epoch_180.sh Fri Aug 7 04:29:04 EDT 2020
    batch_alt08.arl.army.mil_v0.sh Fri Aug 7 04:29:04 EDT 2020
          spc_10_src_epoch_180_tr_set_a Fri Aug 7 04:29:04 EDT 2020
          spc_10_src_epoch_180_tr_set_b Fri Aug 7 04:58:39 EDT 2020
          spc_10_src_epoch_180_tr_set_c Fri Aug 7 05:27:30 EDT 2020
    batch_alt09.arl.army.mil_v0.sh Fri Aug 7 05:57:02 EDT 2020
          spc_10_src_epoch_180_tr_set_a Fri Aug 7 05:57:02 EDT 2020
          spc_10_src_epoch_180_tr_set_b Fri Aug 7 06:26:25 EDT 2020
          spc_10_src_epoch_180_tr_set_c Fri Aug 7 06:56:01 EDT 2020
    batch_alt10.arl.army.mil_v0.sh Fri Aug 7 07:25:33 EDT 2020
          spc_10_src_epoch_180_tr_set_a Fri Aug 7 07:25:33 EDT 2020
          spc_10_src_epoch_180_tr_set_b Fri Aug 7 07:55:25 EDT 2020
          spc_10_src_epoch_180_tr_set_c Fri Aug 7 08:25:47 EDT 2020
  batch_src_epoch_190.sh Fri Aug 7 08:56:20 EDT 2020
    batch_alt08.arl.army.mil_v0.sh Fri Aug 7 08:56:20 EDT 2020
          spc_10_src_epoch_190_tr_set_a Fri Aug 7 08:56:20 EDT 2020
          spc_10_src_epoch_190_tr_set_b Fri Aug 7 09:25:40 EDT 2020
          spc_10_src_epoch_190_tr_set_c Fri Aug 7 09:56:14 EDT 2020
    batch_alt09.arl.army.mil_v0.sh Fri Aug 7 10:26:23 EDT 2020
          spc_10_src_epoch_190_tr_set_a Fri Aug 7 10:26:23 EDT 2020
          spc_10_src_epoch_190_tr_set_b Fri Aug 7 10:56:25 EDT 2020
          spc_10_src_epoch_190_tr_set_c Fri Aug 7 11:26:22 EDT 2020
    batch_alt10.arl.army.mil_v0.sh Fri Aug 7 11:56:15 EDT 2020
          spc_10_src_epoch_190_tr_set_a Fri Aug 7 11:56:15 EDT 2020
          spc_10_src_epoch_190_tr_set_b Fri Aug 7 12:26:09 EDT 2020
          spc_10_src_epoch_190_tr_set_c Fri Aug 7 12:55:57 EDT 2020
  batch_src_epoch_200.sh Fri Aug 7 13:25:08 EDT 2020
    batch_alt08.arl.army.mil_v0.sh Fri Aug 7 13:25:08 EDT 2020
          spc_10_src_epoch_200_tr_set_a Fri Aug 7 13:25:08 EDT 2020
          spc_10_src_epoch_200_tr_set_b Fri Aug 7 13:54:07 EDT 2020
          spc_10_src_epoch_200_tr_set_c Fri Aug 7 14:23:55 EDT 2020
    batch_alt09.arl.army.mil_v0.sh Fri Aug 7 14:52:58 EDT 2020
          spc_10_src_epoch_200_tr_set_a Fri Aug 7 14:52:58 EDT 2020
          spc_10_src_epoch_200_tr_set_b Fri Aug 7 15:22:35 EDT 2020
          spc_10_src_epoch_200_tr_set_c Fri Aug 7 15:51:33 EDT 2020
    batch_alt10.arl.army.mil_v0.sh Fri Aug 7 16:20:32 EDT 2020
          spc_10_src_epoch_200_tr_set_a Fri Aug 7 16:20:32 EDT 2020
          spc_10_src_epoch_200_tr_set_b Fri Aug 7 16:50:17 EDT 2020
          spc_10_src_epoch_200_tr_set_c Fri Aug 7 17:21:17 EDT 2020
  batch_src_epoch_best.sh Fri Aug 7 17:50:57 EDT 2020
    batch_alt08.arl.army.mil_v0.sh Fri Aug 7 17:50:57 EDT 2020
          spc_10_src_epoch_best_tr_set_a Fri Aug 7 17:50:57 EDT 2020
          spc_10_src_epoch_best_tr_set_b Fri Aug 7 18:20:51 EDT 2020
          spc_10_src_epoch_best_tr_set_c Fri Aug 7 18:50:30 EDT 2020
    batch_alt09.arl.army.mil_v0.sh Fri Aug 7 19:20:02 EDT 2020
          spc_10_src_epoch_best_tr_set_a Fri Aug 7 19:20:02 EDT 2020
          spc_10_src_epoch_best_tr_set_b Fri Aug 7 19:49:15 EDT 2020
          spc_10_src_epoch_best_tr_set_c Fri Aug 7 20:18:44 EDT 2020
    batch_alt10.arl.army.mil_v0.sh Fri Aug 7 20:49:05 EDT 2020
          spc_10_src_epoch_best_tr_set_a Fri Aug 7 20:49:05 EDT 2020
          spc_10_src_epoch_best_tr_set_b Fri Aug 7 21:18:58 EDT 2020
          spc_10_src_epoch_best_tr_set_c Fri Aug 7 21:49:25 EDT 2020
